This is pdfTeX, Version 3.14159265-2.6-1.40.19 (TeX Live 2018/Arch Linux) (preloaded format=pdflatex 2019.2.8)  10 FEB 2019 16:01
entering extended mode
 restricted \write18 enabled.
 file:line:error style messages enabled.
 %&-line parsing enabled.
**/home/gosha/latex/cv/ilyacv.tex
(/home/gosha/latex/cv/ilyacv.tex
LaTeX2e <2018-04-01> patch level 5
(/usr/share/texmf-dist/tex/latex/moderncv/moderncv.cls
Document Class: moderncv 2015/07/28 v2.0.0 modern curriculum vitae and letter document class
(/usr/share/texmf-dist/tex/latex/base/size11.clo
File: size11.clo 2014/09/29 v1.4h Standard LaTeX file (size option)
) (/usr/share/texmf-dist/tex/latex/etoolbox/etoolbox.sty
Package: etoolbox 2018/08/19 v2.5f e-TeX tools for LaTeX (JAW)
\etb@tempcnta=\count80
) (/usr/share/texmf-dist/tex/latex/base/ifthen.sty
Package: ifthen 2014/09/29 v1.1c Standard LaTeX ifthen package (DPC)
) (/usr/share/texmf-dist/tex/latex/xcolor/xcolor.sty
Package: xcolor 2016/05/11 v2.12 LaTeX color extensions (UK)
 (/usr/share/texmf-dist/tex/latex/graphics-cfg/color.cfg
File: color.cfg 2016/01/02 v1.6 sample color configuration
)
Package xcolor Info: Driver file: pdftex.def on input line 225.
 (/usr/share/texmf-dist/tex/latex/graphics-def/pdftex.def
File: pdftex.def 2018/01/08 v1.0l Graphics/color driver for pdftex
) (/usr/share/texmf-dist/tex/latex/colortbl/colortbl.sty
Package: colortbl 2018/05/02 v1.0c Color table columns (DPC)
 (/usr/share/texmf-dist/tex/latex/tools/array.sty
Package: array 2018/04/30 v2.4h Tabular extension package (FMi)
\col@sep=\dimen102
\ar@mcellbox=\box26
\extrarowheight=\dimen103
\NC@list=\toks14
\extratabsurround=\skip41
\backup@length=\skip42
\ar@cellbox=\box27
)
\everycr=\toks15
\minrowclearance=\skip43
)
\rownum=\count81
Package xcolor Info: Model `cmy' substituted by `cmy0' on input line 1348.
Package xcolor Info: Model `hsb' substituted by `rgb' on input line 1352.
Package xcolor Info: Model `RGB' extended on input line 1364.
Package xcolor Info: Model `HTML' substituted by `rgb' on input line 1366.
Package xcolor Info: Model `Hsb' substituted by `hsb' on input line 1367.
Package xcolor Info: Model `tHsb' substituted by `hsb' on input line 1368.
Package xcolor Info: Model `HSB' substituted by `hsb' on input line 1369.
Package xcolor Info: Model `Gray' substituted by `gray' on input line 1370.
Package xcolor Info: Model `wave' substituted by `hsb' on input line 1371.
) (/usr/share/texmf-dist/tex/generic/ifxetex/ifxetex.sty
Package: ifxetex 2010/09/12 v0.6 Provides ifxetex conditional
) (/usr/share/texmf-dist/tex/generic/oberdiek/ifluatex.sty
Package: ifluatex 2016/05/16 v1.4 Provides the ifluatex switch (HO)
Package ifluatex Info: LuaTeX not detected.
) (/usr/share/texmf-dist/tex/latex/base/fontenc.sty
Package: fontenc 2017/04/05 v2.0i Standard LaTeX package
 (/usr/share/texmf-dist/tex/latex/base/t1enc.def
File: t1enc.def 2017/04/05 v2.0i Standard LaTeX file
LaTeX Font Info:    Redeclaring font encoding T1 on input line 48.
)) (/usr/share/texmf-dist/tex/latex/lm/lmodern.sty
Package: lmodern 2009/10/30 v1.6 Latin Modern Fonts
LaTeX Font Info:    Overwriting symbol font `operators' in version `normal'
(Font)                  OT1/cmr/m/n --> OT1/lmr/m/n on input line 22.
LaTeX Font Info:    Overwriting symbol font `letters' in version `normal'
(Font)                  OML/cmm/m/it --> OML/lmm/m/it on input line 23.
LaTeX Font Info:    Overwriting symbol font `symbols' in version `normal'
(Font)                  OMS/cmsy/m/n --> OMS/lmsy/m/n on input line 24.
LaTeX Font Info:    Overwriting symbol font `largesymbols' in version `normal'
(Font)                  OMX/cmex/m/n --> OMX/lmex/m/n on input line 25.
LaTeX Font Info:    Overwriting symbol font `operators' in version `bold'
(Font)                  OT1/cmr/bx/n --> OT1/lmr/bx/n on input line 26.
LaTeX Font Info:    Overwriting symbol font `letters' in version `bold'
(Font)                  OML/cmm/b/it --> OML/lmm/b/it on input line 27.
LaTeX Font Info:    Overwriting symbol font `symbols' in version `bold'
(Font)                  OMS/cmsy/b/n --> OMS/lmsy/b/n on input line 28.
LaTeX Font Info:    Overwriting symbol font `largesymbols' in version `bold'
(Font)                  OMX/cmex/m/n --> OMX/lmex/m/n on input line 29.
LaTeX Font Info:    Overwriting math alphabet `\mathbf' in version `normal'
(Font)                  OT1/cmr/bx/n --> OT1/lmr/bx/n on input line 31.
LaTeX Font Info:    Overwriting math alphabet `\mathsf' in version `normal'
(Font)                  OT1/cmss/m/n --> OT1/lmss/m/n on input line 32.
LaTeX Font Info:    Overwriting math alphabet `\mathit' in version `normal'
(Font)                  OT1/cmr/m/it --> OT1/lmr/m/it on input line 33.
LaTeX Font Info:    Overwriting math alphabet `\mathtt' in version `normal'
(Font)                  OT1/cmtt/m/n --> OT1/lmtt/m/n on input line 34.
LaTeX Font Info:    Overwriting math alphabet `\mathbf' in version `bold'
(Font)                  OT1/cmr/bx/n --> OT1/lmr/bx/n on input line 35.
LaTeX Font Info:    Overwriting math alphabet `\mathsf' in version `bold'
(Font)                  OT1/cmss/bx/n --> OT1/lmss/bx/n on input line 36.
LaTeX Font Info:    Overwriting math alphabet `\mathit' in version `bold'
(Font)                  OT1/cmr/bx/it --> OT1/lmr/bx/it on input line 37.
LaTeX Font Info:    Overwriting math alphabet `\mathtt' in version `bold'
(Font)                  OT1/cmtt/m/n --> OT1/lmtt/m/n on input line 38.
) (/usr/share/texmf-dist/tex/latex/url/url.sty
\Urlmuskip=\muskip10
Package: url 2013/09/16  ver 3.4  Verb mode for urls, etc.
) (/usr/share/texmf-dist/tex/latex/graphics/graphicx.sty
Package: graphicx 2017/06/01 v1.1a Enhanced LaTeX Graphics (DPC,SPQR)
 (/usr/share/texmf-dist/tex/latex/graphics/keyval.sty
Package: keyval 2014/10/28 v1.15 key=value parser (DPC)
\KV@toks@=\toks16
) (/usr/share/texmf-dist/tex/latex/graphics/graphics.sty
Package: graphics 2017/06/25 v1.2c Standard LaTeX Graphics (DPC,SPQR)
 (/usr/share/texmf-dist/tex/latex/graphics/trig.sty
Package: trig 2016/01/03 v1.10 sin cos tan (DPC)
) (/usr/share/texmf-dist/tex/latex/graphics-cfg/graphics.cfg
File: graphics.cfg 2016/06/04 v1.11 sample graphics configuration
)
Package graphics Info: Driver file: pdftex.def on input line 99.
)
\Gin@req@height=\dimen104
\Gin@req@width=\dimen105
) (/usr/share/texmf-dist/tex/latex/fancyhdr/fancyhdr.sty
Package: fancyhdr 2017/06/30 v3.9a Extensive control of page headers and footers
\f@nch@headwidth=\skip44
\f@nch@O@elh=\skip45
\f@nch@O@erh=\skip46
\f@nch@O@olh=\skip47
\f@nch@O@orh=\skip48
\f@nch@O@elf=\skip49
\f@nch@O@erf=\skip50
\f@nch@O@olf=\skip51
\f@nch@O@orf=\skip52
) (/usr/share/texmf-dist/tex/latex/moderncv/tweaklist.sty) (/usr/share/texmf-dist/tex/latex/tools/calc.sty
Package: calc 2017/05/25 v4.3 Infix arithmetic (KKT,FJ)
\calc@Acount=\count82
\calc@Bcount=\count83
\calc@Adimen=\dimen106
\calc@Bdimen=\dimen107
\calc@Askip=\skip53
\calc@Bskip=\skip54
LaTeX Info: Redefining \setlength on input line 80.
LaTeX Info: Redefining \addtolength on input line 81.
\calc@Ccount=\count84
\calc@Cskip=\skip55
) (/usr/share/texmf-dist/tex/latex/l3packages/xparse/xparse.sty (/usr/share/texmf-dist/tex/latex/l3kernel/expl3.sty
Package: expl3 2018-11-19 L3 programming layer (loader) 
 (/usr/share/texmf-dist/tex/latex/l3kernel/expl3-code.tex
Package: expl3 2018-11-19 L3 programming layer (code)
\c_max_int=\count85
\l_tmpa_int=\count86
\l_tmpb_int=\count87
\g_tmpa_int=\count88
\g_tmpb_int=\count89
\g__kernel_prg_map_int=\count90
\c_log_iow=\count91
\l_iow_line_count_int=\count92
\l__iow_line_target_int=\count93
\l__iow_one_indent_int=\count94
\l__iow_indent_int=\count95
\c_zero_dim=\dimen108
\c_max_dim=\dimen109
\l_tmpa_dim=\dimen110
\l_tmpb_dim=\dimen111
\g_tmpa_dim=\dimen112
\g_tmpb_dim=\dimen113
\c_zero_skip=\skip56
\c_max_skip=\skip57
\l_tmpa_skip=\skip58
\l_tmpb_skip=\skip59
\g_tmpa_skip=\skip60
\g_tmpb_skip=\skip61
\c_zero_muskip=\muskip11
\c_max_muskip=\muskip12
\l_tmpa_muskip=\muskip13
\l_tmpb_muskip=\muskip14
\g_tmpa_muskip=\muskip15
\g_tmpb_muskip=\muskip16
\l_keys_choice_int=\count96
\l__intarray_loop_int=\count97
\c__intarray_sp_dim=\dimen114
\g__intarray_font_int=\count98
\c__fp_leading_shift_int=\count99
\c__fp_middle_shift_int=\count100
\c__fp_trailing_shift_int=\count101
\c__fp_big_leading_shift_int=\count102
\c__fp_big_middle_shift_int=\count103
\c__fp_big_trailing_shift_int=\count104
\c__fp_Bigg_leading_shift_int=\count105
\c__fp_Bigg_middle_shift_int=\count106
\c__fp_Bigg_trailing_shift_int=\count107
\c__kernel_randint_max_int=\count108
\g__fp_array_int=\count109
\l__fp_array_loop_int=\count110
\l__sort_length_int=\count111
\l__sort_min_int=\count112
\l__sort_top_int=\count113
\l__sort_max_int=\count114
\l__sort_true_max_int=\count115
\l__sort_block_int=\count116
\l__sort_begin_int=\count117
\l__sort_end_int=\count118
\l__sort_A_int=\count119
\l__sort_B_int=\count120
\l__sort_C_int=\count121
\l__tl_analysis_normal_int=\count122
\l__tl_analysis_index_int=\count123
\l__tl_analysis_nesting_int=\count124
\l__tl_analysis_type_int=\count125
\l__regex_internal_a_int=\count126
\l__regex_internal_b_int=\count127
\l__regex_internal_c_int=\count128
\l__regex_balance_int=\count129
\l__regex_group_level_int=\count130
\l__regex_mode_int=\count131
\c__regex_cs_in_class_mode_int=\count132
\c__regex_cs_mode_int=\count133
\l__regex_catcodes_int=\count134
\l__regex_default_catcodes_int=\count135
\c__regex_catcode_D_int=\count136
\c__regex_catcode_S_int=\count137
\c__regex_catcode_L_int=\count138
\c__regex_catcode_O_int=\count139
\c__regex_catcode_A_int=\count140
\c__regex_all_catcodes_int=\count141
\l__regex_show_lines_int=\count142
\l__regex_min_state_int=\count143
\l__regex_max_state_int=\count144
\l__regex_left_state_int=\count145
\l__regex_right_state_int=\count146
\l__regex_capturing_group_int=\count147
\l__regex_min_pos_int=\count148
\l__regex_max_pos_int=\count149
\l__regex_curr_pos_int=\count150
\l__regex_start_pos_int=\count151
\l__regex_success_pos_int=\count152
\l__regex_curr_char_int=\count153
\l__regex_curr_catcode_int=\count154
\l__regex_last_char_int=\count155
\l__regex_case_changed_char_int=\count156
\l__regex_curr_state_int=\count157
\l__regex_step_int=\count158
\l__regex_min_active_int=\count159
\l__regex_max_active_int=\count160
\l__regex_replacement_csnames_int=\count161
\l__regex_match_count_int=\count162
\l__regex_min_submatch_int=\count163
\l__regex_submatch_int=\count164
\l__regex_zeroth_submatch_int=\count165
\g__regex_trace_regex_int=\count166
\c_empty_box=\box28
\l_tmpa_box=\box29
\l_tmpb_box=\box30
\g_tmpa_box=\box31
\g_tmpb_box=\box32
\l__box_top_dim=\dimen115
\l__box_bottom_dim=\dimen116
\l__box_left_dim=\dimen117
\l__box_right_dim=\dimen118
\l__box_top_new_dim=\dimen119
\l__box_bottom_new_dim=\dimen120
\l__box_left_new_dim=\dimen121
\l__box_right_new_dim=\dimen122
\l__box_internal_box=\box33
\l__coffin_internal_box=\box34
\l__coffin_internal_dim=\dimen123
\l__coffin_offset_x_dim=\dimen124
\l__coffin_offset_y_dim=\dimen125
\l__coffin_x_dim=\dimen126
\l__coffin_y_dim=\dimen127
\l__coffin_x_prime_dim=\dimen128
\l__coffin_y_prime_dim=\dimen129
\c_empty_coffin=\box35
\l__coffin_aligned_coffin=\box36
\l__coffin_aligned_internal_coffin=\box37
\l_tmpa_coffin=\box38
\l_tmpb_coffin=\box39
\l__coffin_display_coffin=\box40
\l__coffin_display_coord_coffin=\box41
\l__coffin_display_pole_coffin=\box42
\l__coffin_display_offset_dim=\dimen130
\l__coffin_display_x_dim=\dimen131
\l__coffin_display_y_dim=\dimen132
\g__file_internal_ior=\read1
\l__coffin_bounding_shift_dim=\dimen133
\l__coffin_left_corner_dim=\dimen134
\l__coffin_right_corner_dim=\dimen135
\l__coffin_bottom_corner_dim=\dimen136
\l__coffin_top_corner_dim=\dimen137
\l__coffin_scaled_total_height_dim=\dimen138
\l__coffin_scaled_width_dim=\dimen139
\l__seq_internal_a_int=\count167
\l__seq_internal_b_int=\count168
) (/usr/share/texmf-dist/tex/latex/l3kernel/l3pdfmode.def
File: l3pdfmode.def 2018-11-19 v L3 Experimental driver: PDF mode
\l__driver_color_stack_int=\count169
))
Package: xparse 2018-10-17 L3 Experimental document command parser
\l__xparse_current_arg_int=\count170
\g__xparse_grabber_int=\count171
\l__xparse_m_args_int=\count172
\l__xparse_mandatory_args_int=\count173
\l__xparse_v_nesting_int=\count174
) (/usr/share/texmf-dist/tex/latex/microtype/microtype.sty
Package: microtype 2018/01/14 v2.7a Micro-typographical refinements (RS)
\MT@toks=\toks17
\MT@count=\count175
LaTeX Info: Redefining \textls on input line 793.
\MT@outer@kern=\dimen140
LaTeX Info: Redefining \textmicrotypecontext on input line 1339.
\MT@listname@count=\count176
 (/usr/share/texmf-dist/tex/latex/microtype/microtype-pdftex.def
File: microtype-pdftex.def 2018/01/14 v2.7a Definitions specific to pdftex (RS)
LaTeX Info: Redefining \lsstyle on input line 913.
LaTeX Info: Redefining \lslig on input line 913.
\MT@outer@space=\skip62
)
Package microtype Info: Loading configuration file microtype.cfg.
 (/usr/share/texmf-dist/tex/latex/microtype/microtype.cfg
File: microtype.cfg 2018/01/14 v2.7a microtype main configuration file (RS)
)) (/usr/share/texmf-dist/tex/latex/moderncv/moderncvcollection.sty
Package: moderncvcollection 2015/07/28 v2.0.0 moderncv collections
\c@collection@iterator=\count177
) (/usr/share/texmf-dist/tex/latex/moderncv/moderncvcompatibility.sty
Package: moderncvcompatibility 2015/07/28 v2.0.0 modern curriculum vitae and letter compatibility patches
)
\c@collection@phones@count=\count178
\c@collection@socials@count=\count179
\c@cvcolumnscounter=\count180
\c@cvcolumnsautowidthcounter=\count181
\c@tmpiteratorcounter=\count182
\cvcolumnsdummywidth=\skip63
\cvcolumnswidth=\skip64
\cvcolumnsautowidth=\skip65
\cvcolumnautowidth=\skip66
\bibindent=\skip67
) (/usr/share/texmf-dist/tex/latex/base/fontenc.sty
Package: fontenc 2017/04/05 v2.0i Standard LaTeX package
 (/usr/share/texmf-dist/tex/latex/base/t1enc.def
File: t1enc.def 2017/04/05 v2.0i Standard LaTeX file
LaTeX Font Info:    Redeclaring font encoding T1 on input line 48.
) (/usr/share/texmf-dist/tex/latex/cyrillic/t2aenc.def
File: t2aenc.def 2005/09/27 v1.0i Cyrillic encoding definition file
Now handling font encoding T2A ...
... processing UTF-8 mapping file for font encoding T2A
 (/usr/share/texmf-dist/tex/latex/base/t2aenc.dfu
File: t2aenc.dfu 2018/04/05 v1.2c UTF-8 support for inputenc
   defining Unicode char U+00A4 (decimal 164)
   defining Unicode char U+00A7 (decimal 167)
   defining Unicode char U+00AB (decimal 171)
   defining Unicode char U+00BB (decimal 187)
   defining Unicode char U+0131 (decimal 305)
   defining Unicode char U+0400 (decimal 1024)
   defining Unicode char U+0401 (decimal 1025)
   defining Unicode char U+0402 (decimal 1026)
   defining Unicode char U+0403 (decimal 1027)
   defining Unicode char U+0404 (decimal 1028)
   defining Unicode char U+0405 (decimal 1029)
   defining Unicode char U+0406 (decimal 1030)
   defining Unicode char U+0407 (decimal 1031)
   defining Unicode char U+0408 (decimal 1032)
   defining Unicode char U+0409 (decimal 1033)
   defining Unicode char U+040A (decimal 1034)
   defining Unicode char U+040B (decimal 1035)
   defining Unicode char U+040C (decimal 1036)
   defining Unicode char U+040D (decimal 1037)
   defining Unicode char U+040E (decimal 1038)
   defining Unicode char U+040F (decimal 1039)
   defining Unicode char U+0410 (decimal 1040)
   defining Unicode char U+0411 (decimal 1041)
   defining Unicode char U+0412 (decimal 1042)
   defining Unicode char U+0413 (decimal 1043)
   defining Unicode char U+0414 (decimal 1044)
   defining Unicode char U+0415 (decimal 1045)
   defining Unicode char U+0416 (decimal 1046)
   defining Unicode char U+0417 (decimal 1047)
   defining Unicode char U+0418 (decimal 1048)
   defining Unicode char U+0419 (decimal 1049)
   defining Unicode char U+041A (decimal 1050)
   defining Unicode char U+041B (decimal 1051)
   defining Unicode char U+041C (decimal 1052)
   defining Unicode char U+041D (decimal 1053)
   defining Unicode char U+041E (decimal 1054)
   defining Unicode char U+041F (decimal 1055)
   defining Unicode char U+0420 (decimal 1056)
   defining Unicode char U+0421 (decimal 1057)
   defining Unicode char U+0422 (decimal 1058)
   defining Unicode char U+0423 (decimal 1059)
   defining Unicode char U+0424 (decimal 1060)
   defining Unicode char U+0425 (decimal 1061)
   defining Unicode char U+0426 (decimal 1062)
   defining Unicode char U+0427 (decimal 1063)
   defining Unicode char U+0428 (decimal 1064)
   defining Unicode char U+0429 (decimal 1065)
   defining Unicode char U+042A (decimal 1066)
   defining Unicode char U+042B (decimal 1067)
   defining Unicode char U+042C (decimal 1068)
   defining Unicode char U+042D (decimal 1069)
   defining Unicode char U+042E (decimal 1070)
   defining Unicode char U+042F (decimal 1071)
   defining Unicode char U+0430 (decimal 1072)
   defining Unicode char U+0431 (decimal 1073)
   defining Unicode char U+0432 (decimal 1074)
   defining Unicode char U+0433 (decimal 1075)
   defining Unicode char U+0434 (decimal 1076)
   defining Unicode char U+0435 (decimal 1077)
   defining Unicode char U+0436 (decimal 1078)
   defining Unicode char U+0437 (decimal 1079)
   defining Unicode char U+0438 (decimal 1080)
   defining Unicode char U+0439 (decimal 1081)
   defining Unicode char U+043A (decimal 1082)
   defining Unicode char U+043B (decimal 1083)
   defining Unicode char U+043C (decimal 1084)
   defining Unicode char U+043D (decimal 1085)
   defining Unicode char U+043E (decimal 1086)
   defining Unicode char U+043F (decimal 1087)
   defining Unicode char U+0440 (decimal 1088)
   defining Unicode char U+0441 (decimal 1089)
   defining Unicode char U+0442 (decimal 1090)
   defining Unicode char U+0443 (decimal 1091)
   defining Unicode char U+0444 (decimal 1092)
   defining Unicode char U+0445 (decimal 1093)
   defining Unicode char U+0446 (decimal 1094)
   defining Unicode char U+0447 (decimal 1095)
   defining Unicode char U+0448 (decimal 1096)
   defining Unicode char U+0449 (decimal 1097)
   defining Unicode char U+044A (decimal 1098)
   defining Unicode char U+044B (decimal 1099)
   defining Unicode char U+044C (decimal 1100)
   defining Unicode char U+044D (decimal 1101)
   defining Unicode char U+044E (decimal 1102)
   defining Unicode char U+044F (decimal 1103)
   defining Unicode char U+0450 (decimal 1104)
   defining Unicode char U+0451 (decimal 1105)
   defining Unicode char U+0452 (decimal 1106)
   defining Unicode char U+0453 (decimal 1107)
   defining Unicode char U+0454 (decimal 1108)
   defining Unicode char U+0455 (decimal 1109)
   defining Unicode char U+0456 (decimal 1110)
   defining Unicode char U+0457 (decimal 1111)
   defining Unicode char U+0458 (decimal 1112)
   defining Unicode char U+0459 (decimal 1113)
   defining Unicode char U+045A (decimal 1114)
   defining Unicode char U+045B (decimal 1115)
   defining Unicode char U+045C (decimal 1116)
   defining Unicode char U+045D (decimal 1117)
   defining Unicode char U+045E (decimal 1118)
   defining Unicode char U+045F (decimal 1119)
   defining Unicode char U+0490 (decimal 1168)
   defining Unicode char U+0491 (decimal 1169)
   defining Unicode char U+0492 (decimal 1170)
   defining Unicode char U+0493 (decimal 1171)
   defining Unicode char U+0496 (decimal 1174)
   defining Unicode char U+0497 (decimal 1175)
   defining Unicode char U+0498 (decimal 1176)
   defining Unicode char U+0499 (decimal 1177)
   defining Unicode char U+049A (decimal 1178)
   defining Unicode char U+049B (decimal 1179)
   defining Unicode char U+049C (decimal 1180)
   defining Unicode char U+049D (decimal 1181)
   defining Unicode char U+04A0 (decimal 1184)
   defining Unicode char U+04A1 (decimal 1185)
   defining Unicode char U+04A2 (decimal 1186)
   defining Unicode char U+04A3 (decimal 1187)
   defining Unicode char U+04A4 (decimal 1188)
   defining Unicode char U+04A5 (decimal 1189)
   defining Unicode char U+04AA (decimal 1194)
   defining Unicode char U+04AB (decimal 1195)
   defining Unicode char U+04AE (decimal 1198)
   defining Unicode char U+04AF (decimal 1199)
   defining Unicode char U+04B0 (decimal 1200)
   defining Unicode char U+04B1 (decimal 1201)
   defining Unicode char U+04B2 (decimal 1202)
   defining Unicode char U+04B3 (decimal 1203)
   defining Unicode char U+04B6 (decimal 1206)
   defining Unicode char U+04B7 (decimal 1207)
   defining Unicode char U+04B8 (decimal 1208)
   defining Unicode char U+04B9 (decimal 1209)
   defining Unicode char U+04BA (decimal 1210)
   defining Unicode char U+04BB (decimal 1211)
   defining Unicode char U+04C0 (decimal 1216)
   defining Unicode char U+04C1 (decimal 1217)
   defining Unicode char U+04C2 (decimal 1218)
   defining Unicode char U+04D0 (decimal 1232)
   defining Unicode char U+04D1 (decimal 1233)
   defining Unicode char U+04D2 (decimal 1234)
   defining Unicode char U+04D3 (decimal 1235)
   defining Unicode char U+04D4 (decimal 1236)
   defining Unicode char U+04D5 (decimal 1237)
   defining Unicode char U+04D6 (decimal 1238)
   defining Unicode char U+04D7 (decimal 1239)
   defining Unicode char U+04D8 (decimal 1240)
   defining Unicode char U+04D9 (decimal 1241)
   defining Unicode char U+04DA (decimal 1242)
   defining Unicode char U+04DB (decimal 1243)
   defining Unicode char U+04DC (decimal 1244)
   defining Unicode char U+04DD (decimal 1245)
   defining Unicode char U+04DE (decimal 1246)
   defining Unicode char U+04DF (decimal 1247)
   defining Unicode char U+04E2 (decimal 1250)
   defining Unicode char U+04E3 (decimal 1251)
   defining Unicode char U+04E4 (decimal 1252)
   defining Unicode char U+04E5 (decimal 1253)
   defining Unicode char U+04E6 (decimal 1254)
   defining Unicode char U+04E7 (decimal 1255)
   defining Unicode char U+04E8 (decimal 1256)
   defining Unicode char U+04E9 (decimal 1257)
   defining Unicode char U+04EC (decimal 1260)
   defining Unicode char U+04ED (decimal 1261)
   defining Unicode char U+04EE (decimal 1262)
   defining Unicode char U+04EF (decimal 1263)
   defining Unicode char U+04F0 (decimal 1264)
   defining Unicode char U+04F1 (decimal 1265)
   defining Unicode char U+04F2 (decimal 1266)
   defining Unicode char U+04F3 (decimal 1267)
   defining Unicode char U+04F4 (decimal 1268)
   defining Unicode char U+04F5 (decimal 1269)
   defining Unicode char U+04F8 (decimal 1272)
   defining Unicode char U+04F9 (decimal 1273)
   defining Unicode char U+200C (decimal 8204)
   defining Unicode char U+2013 (decimal 8211)
   defining Unicode char U+2014 (decimal 8212)
   defining Unicode char U+2018 (decimal 8216)
   defining Unicode char U+2019 (decimal 8217)
   defining Unicode char U+201C (decimal 8220)
   defining Unicode char U+201D (decimal 8221)
   defining Unicode char U+201E (decimal 8222)
   defining Unicode char U+2030 (decimal 8240)
   defining Unicode char U+2031 (decimal 8241)
   defining Unicode char U+2116 (decimal 8470)
   defining Unicode char U+2329 (decimal 9001)
   defining Unicode char U+232A (decimal 9002)
   defining Unicode char U+2423 (decimal 9251)
))
LaTeX Font Info:    Try loading font information for T2A+cmr on input line 105.
 (/usr/share/texmf-dist/tex/latex/cyrillic/t2acmr.fd
File: t2acmr.fd 2001/08/11 v1.0a Computer Modern Cyrillic font definitions
)) (/usr/share/texmf-dist/tex/latex/base/inputenc.sty
Package: inputenc 2018/04/06 v1.3b Input encoding file
\inpenc@prehook=\toks18
\inpenc@posthook=\toks19
) (/usr/share/texmf-dist/tex/generic/babel/babel.sty
Package: babel 2018/11/13 3.27 The Babel package
 (/usr/share/texmf-dist/tex/generic/babel/switch.def
File: switch.def 2018/11/13 3.27 Babel switching mechanism
) (/usr/share/texmf-dist/tex/generic/babel-english/english.ldf
Language: english 2017/06/06 v3.3r English support from the babel system
 (/usr/share/texmf-dist/tex/generic/babel/babel.def
File: babel.def 2018/11/13 3.27 Babel common definitions
\babel@savecnt=\count183
\U@D=\dimen141
 (/usr/share/texmf-dist/tex/generic/babel/txtbabel.def)
\bbl@dirlevel=\count184
)
\l@canadian = a dialect from \language\l@american 
\l@australian = a dialect from \language\l@british 
\l@newzealand = a dialect from \language\l@british 
) (/usr/share/texmf-dist/tex/generic/babel-russian/russianb.ldf
Language: russian 2017/08/12 1.3j Russian support for the Babel system
Package babel Info: Making " an active character on input line 120.
Package babel Info: Default for \cyrdash is provided on input line 157.
)) (/usr/share/texmf-dist/tex/latex/caption/subcaption.sty
Package: subcaption 2018/05/01 v1.1-162 Sub-captions (AR)
 (/usr/share/texmf-dist/tex/latex/caption/caption.sty
Package: caption 2018/10/06 v3.3-154 Customizing captions (AR)
 (/usr/share/texmf-dist/tex/latex/caption/caption3.sty
Package: caption3 2018/09/12 v1.8c caption3 kernel (AR)
Package caption3 Info: TeX engine: e-TeX on input line 64.
\captionmargin=\dimen142
\captionmargin@=\dimen143
\captionwidth=\dimen144
\caption@tempdima=\dimen145
\caption@indent=\dimen146
\caption@parindent=\dimen147
\caption@hangindent=\dimen148
\abovecaptionskip=\skip68
\belowcaptionskip=\skip69
Package caption Info: Unknown document class (or package),
(caption)             standard defaults will be used.
)

Package caption Warning: Unsupported document class (or package) detected,
(caption)                usage of the caption package is not recommended.
See the caption package documentation for explanation.

Package caption Info: \@makecaption = undefined.
\c@caption@flags=\count185
\c@ContinuedFloat=\count186
)) (/usr/share/texmf-dist/tex/latex/moderncv/moderncvstylecasual.sty
Package: moderncvstylecasual 2015/07/28 v2.0.0 modern curriculum vitae and letter style scheme: casual
 (/usr/share/texmf-dist/tex/latex/moderncv/moderncviconsawesome.sty
Package: moderncviconsawesome 2015/07/28 v2.0.0 modern curriculum vitae and letter icons: awesome
 (/usr/share/texmf-dist/tex/latex/fontawesome/fontawesome.sty
Package: fontawesome 2016/05/15 v4.6.3.1 font awesome icons
 (/usr/share/texmf-dist/tex/latex/fontawesome/fontawesomesymbols-generic.tex) (/usr/share/texmf-dist/tex/latex/fontawesome/fontawesomesymbols-pdftex.tex))) (/usr/share/texmf-dist/tex/latex/moderncv/moderncvheadii.sty

LaTeX Warning: You have requested package `moderncvheadii',
               but the package provides `moderncvheadii'.

Package: moderncvheadii 2015/07/28 v2.0.0 modern curriculum vitae and letter header variant: 2
\makeheaddetailsbox=\box43
\makeheaddetailstempbox=\box44
\makeheaddetailswidth=\skip70
\makeheaddetailsboxwidth=\skip71
\quotewidth=\skip72
\makecvheadnamewidth=\skip73
) (/usr/share/texmf-dist/tex/latex/moderncv/moderncvbodyi.sty

LaTeX Warning: You have requested package `moderncvbodyi',
               but the package provides `moderncvbodyi'.

Package: moderncvbodyi 2015/07/28 v2.0.0 modern curriculum vitae and letter body variant: 1
\hintscolumnwidth=\skip74
\separatorcolumnwidth=\skip75
\maincolumnwidth=\skip76
\doubleitemcolumnwidth=\skip77
\listitemsymbolwidth=\skip78
LaTeX Font Info:    Try loading font information for U+fontawesometwo on input line 46.
(/usr/share/texmf-dist/tex/latex/fontawesome/ufontawesometwo.fd
File: ufontawesometwo.fd 2016/05/22 Font definitions for U/fontawesometwo.
)
\listitemcolumnwidth=\skip79
\listdoubleitemcolumnwidth=\skip80
\baseletterheight=\skip81
\cvitemwithcommentbox=\box45
\cvitemwithcommentskilllength=\skip82
\cvitemwithcommentcommentlength=\skip83
) (/usr/share/texmf-dist/tex/latex/moderncv/moderncvfooti.sty

LaTeX Warning: You have requested package `moderncvfooti',
               but the package provides `moderncvfooti'.

Package: moderncvfooti 2015/07/28 v2.0.0 modern curriculum vitae and letter footer variant: 1
\footwidth=\skip84
\footbox=\box46
\foottempbox=\box47
\footboxwidth=\skip85
)) (/usr/share/texmf-dist/tex/latex/moderncv/moderncvcolorblue.sty
Package: moderncvcolorblue 2015/07/28 v2.0.0 modern curriculum vitae and letter color scheme: blue
) (/usr/share/texmf-dist/tex/latex/geometry/geometry.sty
Package: geometry 2018/04/16 v5.8 Page Geometry
 (/usr/share/texmf-dist/tex/generic/oberdiek/ifpdf.sty
Package: ifpdf 2018/09/07 v3.3 Provides the ifpdf switch
) (/usr/share/texmf-dist/tex/generic/oberdiek/ifvtex.sty
Package: ifvtex 2016/05/16 v1.6 Detect VTeX and its facilities (HO)
Package ifvtex Info: VTeX not detected.
)
\Gm@cnth=\count187
\Gm@cntv=\count188
\c@Gm@tempcnt=\count189
\Gm@bindingoffset=\dimen149
\Gm@wd@mp=\dimen150
\Gm@odd@mp=\dimen151
\Gm@even@mp=\dimen152
\Gm@layoutwidth=\dimen153
\Gm@layoutheight=\dimen154
\Gm@layouthoffset=\dimen155
\Gm@layoutvoffset=\dimen156
\Gm@dimlist=\toks20
) (/usr/share/texmf-dist/tex/latex/hyperref/hyperref.sty
Package: hyperref 2018/09/30 v6.88a Hypertext links for LaTeX
 (/usr/share/texmf-dist/tex/generic/oberdiek/hobsub-hyperref.sty
Package: hobsub-hyperref 2016/05/16 v1.14 Bundle oberdiek, subset hyperref (HO)
 (/usr/share/texmf-dist/tex/generic/oberdiek/hobsub-generic.sty
Package: hobsub-generic 2016/05/16 v1.14 Bundle oberdiek, subset generic (HO)
Package: hobsub 2016/05/16 v1.14 Construct package bundles (HO)
Package: infwarerr 2016/05/16 v1.4 Providing info/warning/error messages (HO)
Package: ltxcmds 2016/05/16 v1.23 LaTeX kernel commands for general use (HO)
Package hobsub Info: Skipping package `ifluatex' (already loaded).
Package hobsub Info: Skipping package `ifvtex' (already loaded).
Package: intcalc 2016/05/16 v1.2 Expandable calculations with integers (HO)
Package hobsub Info: Skipping package `ifpdf' (already loaded).
Package: etexcmds 2016/05/16 v1.6 Avoid name clashes with e-TeX commands (HO)
Package etexcmds Info: Could not find \expanded.
(etexcmds)             That can mean that you are not using pdfTeX 1.50 or
(etexcmds)             that some package has redefined \expanded.
(etexcmds)             In the latter case, load this package earlier.
Package: kvsetkeys 2016/05/16 v1.17 Key value parser (HO)
Package: kvdefinekeys 2016/05/16 v1.4 Define keys (HO)
Package: pdftexcmds 2018/09/10 v0.29 Utility functions of pdfTeX for LuaTeX (HO)
Package pdftexcmds Info: LuaTeX not detected.
Package pdftexcmds Info: \pdf@primitive is available.
Package pdftexcmds Info: \pdf@ifprimitive is available.
Package pdftexcmds Info: \pdfdraftmode found.
Package: pdfescape 2016/05/16 v1.14 Implements pdfTeX's escape features (HO)
Package: bigintcalc 2016/05/16 v1.4 Expandable calculations on big integers (HO)
Package: bitset 2016/05/16 v1.2 Handle bit-vector datatype (HO)
Package: uniquecounter 2016/05/16 v1.3 Provide unlimited unique counter (HO)
)
Package hobsub Info: Skipping package `hobsub' (already loaded).
Package: letltxmacro 2016/05/16 v1.5 Let assignment for LaTeX macros (HO)
Package: hopatch 2016/05/16 v1.3 Wrapper for package hooks (HO)
Package: xcolor-patch 2016/05/16 xcolor patch
Package: atveryend 2016/05/16 v1.9 Hooks at the very end of document (HO)
Package: atbegshi 2016/06/09 v1.18 At begin shipout hook (HO)
Package: refcount 2016/05/16 v3.5 Data extraction from label references (HO)
Package: hycolor 2016/05/16 v1.8 Color options for hyperref/bookmark (HO)
) (/usr/share/texmf-dist/tex/latex/oberdiek/auxhook.sty
Package: auxhook 2016/05/16 v1.4 Hooks for auxiliary files (HO)
) (/usr/share/texmf-dist/tex/latex/oberdiek/kvoptions.sty
Package: kvoptions 2016/05/16 v3.12 Key value format for package options (HO)
)
\@linkdim=\dimen157
\Hy@linkcounter=\count190
\Hy@pagecounter=\count191
 (/usr/share/texmf-dist/tex/latex/hyperref/pd1enc.def
File: pd1enc.def 2018/09/30 v6.88a Hyperref: PDFDocEncoding definition (HO)
Now handling font encoding PD1 ...
... no UTF-8 mapping file for font encoding PD1
)
\Hy@SavedSpaceFactor=\count192
Package hyperref Info: Option `unicode' set `true' on input line 3475.
 (/usr/share/texmf-dist/tex/latex/hyperref/puenc.def
File: puenc.def 2018/09/30 v6.88a Hyperref: PDF Unicode definition (HO)
Now handling font encoding PU ...
... no UTF-8 mapping file for font encoding PU
) (/usr/share/texmf-dist/tex/latex/latexconfig/hyperref.cfg
File: hyperref.cfg 2002/06/06 v1.2 hyperref configuration of TeXLive
)
Package hyperref Info: Option `unicode' set `true' on input line 4409.
Package hyperref Info: Hyper figures OFF on input line 4535.
Package hyperref Info: Link nesting OFF on input line 4540.
Package hyperref Info: Hyper index ON on input line 4543.
Package hyperref Info: Plain pages OFF on input line 4550.
Package hyperref Info: Backreferencing OFF on input line 4555.
Package hyperref Info: Implicit mode ON; LaTeX internals redefined.
Package hyperref Info: Bookmarks ON on input line 4788.
\c@Hy@tempcnt=\count193
LaTeX Info: Redefining \url on input line 5141.
\XeTeXLinkMargin=\dimen158
\Fld@menulength=\count194
\Field@Width=\dimen159
\Fld@charsize=\dimen160
Package hyperref Info: Hyper figures OFF on input line 6396.
Package hyperref Info: Link nesting OFF on input line 6401.
Package hyperref Info: Hyper index ON on input line 6404.
Package hyperref Info: backreferencing OFF on input line 6411.
Package hyperref Info: Link coloring OFF on input line 6416.
Package hyperref Info: Link coloring with OCG OFF on input line 6421.
Package hyperref Info: PDF/A mode OFF on input line 6426.
LaTeX Info: Redefining \ref on input line 6466.
LaTeX Info: Redefining \pageref on input line 6470.
\Hy@abspage=\count195
\c@Item=\count196
\c@Hfootnote=\count197
)
Package hyperref Info: Driver (autodetected): hpdftex.
 (/usr/share/texmf-dist/tex/latex/hyperref/hpdftex.def
File: hpdftex.def 2018/09/30 v6.88a Hyperref driver for pdfTeX
\Fld@listcount=\count198
\c@bookmark@seq@number=\count199
 (/usr/share/texmf-dist/tex/latex/oberdiek/rerunfilecheck.sty
Package: rerunfilecheck 2016/05/16 v1.8 Rerun checks for auxiliary files (HO)
Package uniquecounter Info: New unique counter `rerunfilecheck' on input line 282.
)
\Hy@SectionHShift=\skip86
)
Package hyperref Info: Option `breaklinks' set `true' on input line 20.
Package hyperref Info: Option `bookmarksopen' set `true' on input line 20.
 (/home/gosha/latex/cv/ilyacv.aux)
\openout1 = `ilyacv.aux'.

LaTeX Font Info:    Checking defaults for OML/cmm/m/it on input line 20.
LaTeX Font Info:    ... okay on input line 20.
LaTeX Font Info:    Checking defaults for T1/cmr/m/n on input line 20.
LaTeX Font Info:    ... okay on input line 20.
LaTeX Font Info:    Checking defaults for OT1/cmr/m/n on input line 20.
LaTeX Font Info:    ... okay on input line 20.
LaTeX Font Info:    Checking defaults for OMS/cmsy/m/n on input line 20.
LaTeX Font Info:    ... okay on input line 20.
LaTeX Font Info:    Checking defaults for OMX/cmex/m/n on input line 20.
LaTeX Font Info:    ... okay on input line 20.
LaTeX Font Info:    Checking defaults for U/cmr/m/n on input line 20.
LaTeX Font Info:    ... okay on input line 20.
LaTeX Font Info:    Checking defaults for T2A/cmr/m/n on input line 20.
LaTeX Font Info:    ... okay on input line 20.
LaTeX Font Info:    Checking defaults for PD1/pdf/m/n on input line 20.
LaTeX Font Info:    ... okay on input line 20.
LaTeX Font Info:    Checking defaults for PU/pdf/m/n on input line 20.
LaTeX Font Info:    ... okay on input line 20.
LaTeX Font Info:    Try loading font information for T2A+lmr on input line 20.
LaTeX Font Info:    No file T2Almr.fd. on input line 20.


LaTeX Font Warning: Font shape `T2A/lmr/m/n' undefined
(Font)              using `T2A/cmr/m/n' instead on input line 20.

(/usr/share/texmf-dist/tex/context/base/mkii/supp-pdf.mkii
[Loading MPS to PDF converter (version 2006.09.02).]
\scratchcounter=\count266
\scratchdimen=\dimen161
\scratchbox=\box48
\nofMPsegments=\count267
\nofMParguments=\count268
\everyMPshowfont=\toks21
\MPscratchCnt=\count269
\MPscratchDim=\dimen162
\MPnumerator=\count270
\makeMPintoPDFobject=\count271
\everyMPtoPDFconversion=\toks22
) (/usr/share/texmf-dist/tex/latex/oberdiek/epstopdf-base.sty
Package: epstopdf-base 2016/05/15 v2.6 Base part for package epstopdf
 (/usr/share/texmf-dist/tex/latex/oberdiek/grfext.sty
Package: grfext 2016/05/16 v1.2 Manage graphics extensions (HO)
)
Package epstopdf-base Info: Redefining graphics rule for `.eps' on input line 438.
Package grfext Info: Graphics extension search list:
(grfext)             [.pdf,.png,.jpg,.mps,.jpeg,.jbig2,.jb2,.PDF,.PNG,.JPG,.JPEG,.JBIG2,.JB2,.eps]
(grfext)             \AppendGraphicsExtensions on input line 456.
 (/usr/share/texmf-dist/tex/latex/latexconfig/epstopdf-sys.cfg
File: epstopdf-sys.cfg 2010/07/13 v1.3 Configuration of (r)epstopdf for TeX Live
))
LaTeX Info: Redefining \microtypecontext on input line 20.
Package microtype Info: Generating PDF output.
Package microtype Info: Character protrusion enabled (level 2).
Package microtype Info: Using default protrusion set `alltext'.
Package microtype Info: Automatic font expansion enabled (level 2),
(microtype)             stretch: 20, shrink: 20, step: 1, non-selected.
Package microtype Info: Using default expansion set `basictext'.
Package microtype Info: No adjustment of tracking.
Package microtype Info: No adjustment of interword spacing.
Package microtype Info: No adjustment of character kerning.
 (/usr/share/texmf-dist/tex/latex/microtype/mt-cmr.cfg
File: mt-cmr.cfg 2013/05/19 v2.2 microtype config. file: Computer Modern Roman (RS)
)
LaTeX Font Info:    Try loading font information for T2A+lmss on input line 20.
LaTeX Font Info:    No file T2Almss.fd. on input line 20.


LaTeX Font Warning: Font shape `T2A/lmss/m/n' undefined
(Font)              using `T2A/cmr/m/n' instead on input line 20.

Package microtype Info: Loading generic protrusion settings for font family
(microtype)             `lmss' (encoding: T2A).
(microtype)             For optimal results, create family-specific settings.
(microtype)             See the microtype manual for details.
Package caption Info: Begin \AtBeginDocument code.
Package caption Info: hyperref package is loaded.
Package caption Info: End \AtBeginDocument code.
*geometry* driver: auto-detecting
*geometry* detected driver: pdftex
*geometry* verbose mode - [ preamble ] result:
* driver: pdftex
* paper: a4paper
* layout: <same size as paper>
* layoutoffset:(h,v)=(0.0pt,0.0pt)
* modes: 
* h-part:(L,W,R)=(74.68848pt, 448.1309pt, 74.68849pt)
* v-part:(T,H,B)=(84.50467pt, 633.78513pt, 126.75705pt)
* \paperwidth=597.50787pt
* \paperheight=845.04684pt
* \textwidth=448.1309pt
* \textheight=633.78513pt
* \oddsidemargin=2.41849pt
* \evensidemargin=2.41849pt
* \topmargin=-24.76532pt
* \headheight=12.0pt
* \headsep=25.0pt
* \topskip=11.0pt
* \footskip=30.0pt
* \marginparwidth=50.0pt
* \marginparsep=10.0pt
* \columnsep=10.0pt
* \skip\footins=10.0pt plus 4.0pt minus 2.0pt
* \hoffset=0.0pt
* \voffset=0.0pt
* \mag=1000
* \@twocolumnfalse
* \@twosidefalse
* \@mparswitchfalse
* \@reversemarginfalse
* (1in=72.27pt=25.4mm, 1cm=28.453pt)

\AtBeginShipoutBox=\box49
Package hyperref Info: Link coloring OFF on input line 20.
(/usr/share/texmf-dist/tex/latex/hyperref/nameref.sty
Package: nameref 2016/05/21 v2.44 Cross-referencing by name of section
 (/usr/share/texmf-dist/tex/generic/oberdiek/gettitlestring.sty
Package: gettitlestring 2016/05/16 v1.5 Cleanup title references (HO)
)
\c@section@level=\count272
)
LaTeX Info: Redefining \ref on input line 20.
LaTeX Info: Redefining \pageref on input line 20.
LaTeX Info: Redefining \nameref on input line 20.
\@outlinefile=\write3
\openout3 = `ilyacv.out'.

\makecvheadpicturebox=\box50
<face1.jpg, id=4, 752.8125pt x 752.8125pt>
File: face1.jpg Graphic file (type jpg)
<use face1.jpg>
Package pdftex.def Info: face1.jpg  used on input line 21.
(pdftex.def)             Requested size: 64.0pt x 63.99396pt.
\makecvheadpicturewidth=\skip87
\makecvheadnamebox=\box51


LaTeX Font Warning: Font shape `T2A/lmss/m/n' in size <38> not available
(Font)              size <35.83> substituted on input line 21.


Underfull \hbox (badness 10000) in paragraph at lines 21--21

 []

LaTeX Font Info:    Try loading font information for OT1+lmr on input line 23.
(/usr/share/texmf-dist/tex/latex/lm/ot1lmr.fd
File: ot1lmr.fd 2009/10/30 v1.6 Font defs for Latin Modern
)
LaTeX Font Info:    Try loading font information for OML+lmm on input line 23.
 (/usr/share/texmf-dist/tex/latex/lm/omllmm.fd
File: omllmm.fd 2009/10/30 v1.6 Font defs for Latin Modern
)
LaTeX Font Info:    Try loading font information for OMS+lmsy on input line 23.
 (/usr/share/texmf-dist/tex/latex/lm/omslmsy.fd
File: omslmsy.fd 2009/10/30 v1.6 Font defs for Latin Modern
)
LaTeX Font Info:    Try loading font information for OMX+lmex on input line 23.
 (/usr/share/texmf-dist/tex/latex/lm/omxlmex.fd
File: omxlmex.fd 2009/10/30 v1.6 Font defs for Latin Modern
)
LaTeX Font Info:    External font `lmex10' loaded for size
(Font)              <10.95> on input line 23.
LaTeX Font Info:    External font `lmex10' loaded for size
(Font)              <8> on input line 23.
LaTeX Font Info:    External font `lmex10' loaded for size
(Font)              <6> on input line 23.


LaTeX Font Warning: Font shape `T2A/lmss/bx/n' undefined
(Font)              using `T2A/lmss/m/n' instead on input line 25.


LaTeX Font Warning: Font shape `T2A/lmss/m/sl' undefined
(Font)              using `T2A/lmss/m/n' instead on input line 25.

/home/gosha/latex/cv/ilyacv.tex:25: Incomplete \ifx; all text was ignored after line 25.
<inserted text> 
                \fi 
l.25     \cventry{2006--2008}
                             {–°—Ä–µ–¥–Ω—è—è —à–∫–æ–ª–∞}{Overseas Family Sch...
A forbidden control sequence occurred in skipped text.
This kind of error happens when you say `\if...' and forget
the matching `\fi'. I've inserted a `\fi'; this might work.

/home/gosha/latex/cv/ilyacv.tex:25: Incomplete \ifx; all text was ignored after line 25.
<inserted text> 
                \fi 
l.25     \cventry{2006--2008}
                             {–°—Ä–µ–¥–Ω—è—è —à–∫–æ–ª–∞}{Overseas Family Sch...
A forbidden control sequence occurred in skipped text.
This kind of error happens when you say `\if...' and forget
the matching `\fi'. I've inserted a `\fi'; this might work.

Runaway argument?
/home/gosha/latex/cv/ilyacv.tex:25: Forbidden control sequence found while scanning use of \@gobble.
<inserted text> 
                \par 
l.25     \cventry{2006--2008}
                             {–°—Ä–µ–¥–Ω—è—è —à–∫–æ–ª–∞}{Overseas Family Sch...
I suspect you have forgotten a `}', causing me
to read past where you wanted me to stop.
I'll try to recover; but if the error is serious,
you'd better type `E' or `X' now and fix your file.

/home/gosha/latex/cv/ilyacv.tex:25: Missing } inserted.
<inserted text> 
                }
l.25     \cventry{2006--2008}
                             {–°—Ä–µ–¥–Ω—è—è —à–∫–æ–ª–∞}{Overseas Family Sch...
I've inserted something that you may have forgotten.
(See the <inserted text> above.)
With luck, this will get me unwedged. But if you
really didn't forget anything, try typing `2' now; then
my insertion and my current dilemma will both disappear.

/home/gosha/latex/cv/ilyacv.tex:25: Missing } inserted.
<inserted text> 
                }
l.25     \cventry{2006--2008}
                             {–°—Ä–µ–¥–Ω—è—è —à–∫–æ–ª–∞}{Overseas Family Sch...
I've inserted something that you may have forgotten.
(See the <inserted text> above.)
With luck, this will get me unwedged. But if you
really didn't forget anything, try typing `2' now; then
my insertion and my current dilemma will both disappear.

/home/gosha/latex/cv/ilyacv.tex:25: Missing } inserted.
<inserted text> 
                }
l.25     \cventry{2006--2008}
                             {–°—Ä–µ–¥–Ω—è—è —à–∫–æ–ª–∞}{Overseas Family Sch...
I've inserted something that you may have forgotten.
(See the <inserted text> above.)
With luck, this will get me unwedged. But if you
really didn't forget anything, try typing `2' now; then
my insertion and my current dilemma will both disappear.

/home/gosha/latex/cv/ilyacv.tex:25: Missing } inserted.
<inserted text> 
                }
l.25     \cventry{2006--2008}
                             {–°—Ä–µ–¥–Ω—è—è —à–∫–æ–ª–∞}{Overseas Family Sch...
I've inserted something that you may have forgotten.
(See the <inserted text> above.)
With luck, this will get me unwedged. But if you
really didn't forget anything, try typing `2' now; then
my insertion and my current dilemma will both disappear.

/home/gosha/latex/cv/ilyacv.tex:25: Extra alignment tab has been changed to \cr.
<recently read> \endtemplate 
                             
l.25     \cventry{2006--2008}
                             {–°—Ä–µ–¥–Ω—è—è —à–∫–æ–ª–∞}{Overseas Family Sch...
You have given more \span or & marks than there were
in the preamble to the \halign or \valign now in progress.
So I'll assume that you meant to type \cr instead.

/home/gosha/latex/cv/ilyacv.tex:25: Extra \else.
<argument> ...try }.\strut \ifx &2006--2008&\else 
                                                  {\newline {}\begin {minipa...
l.25     \cventry{2006--2008}
                             {–°—Ä–µ–¥–Ω—è—è —à–∫–æ–ª–∞}{Overseas Family Sch...
I'm ignoring this; it doesn't match any \if.


/home/gosha/latex/cv/ilyacv.tex:25: LaTeX Error: There's no line here to end.

See the LaTeX manual or LaTeX Companion for explanation.
Type  H <return>  for immediate help.
 ...                                              
                                                  
l.25     \cventry{2006--2008}
                             {–°—Ä–µ–¥–Ω—è—è —à–∫–æ–ª–∞}{Overseas Family Sch...
Your command was ignored.
Type  I <command> <return>  to replace it with another command,
or  <return>  to continue without it.

/home/gosha/latex/cv/ilyacv.tex:25: Extra \fi.
<argument> ...small 2006--2008\end {minipage}}\fi 
                                                  
l.25     \cventry{2006--2008}
                             {–°—Ä–µ–¥–Ω—è—è —à–∫–æ–ª–∞}{Overseas Family Sch...
I'm ignoring this; it doesn't match any \if.

/home/gosha/latex/cv/ilyacv.tex:25: Missing { inserted.
<inserted text> 
                {
l.25     \cventry{2006--2008}
                             {–°—Ä–µ–¥–Ω—è—è —à–∫–æ–ª–∞}{Overseas Family Sch...
I've put in what seems to be necessary to fix
the current column of the current alignment.
Try to go on, since this might almost work.

/home/gosha/latex/cv/ilyacv.tex:27: Incomplete \ifx; all text was ignored after line 27.
<inserted text> 
                \fi 
l.27     \cventry{2012--2015}
                             {–ú–∞—Å—Ç–µ—Ä –ø–æ –æ–±—Ä–∞–±–æ—Ç–∫–µ —Ü–∏—Ñ—Ä–...
A forbidden control sequence occurred in skipped text.
This kind of error happens when you say `\if...' and forget
the matching `\fi'. I've inserted a `\fi'; this might work.

/home/gosha/latex/cv/ilyacv.tex:27: Incomplete \ifx; all text was ignored after line 27.
<inserted text> 
                \fi 
l.27     \cventry{2012--2015}
                             {–ú–∞—Å—Ç–µ—Ä –ø–æ –æ–±—Ä–∞–±–æ—Ç–∫–µ —Ü–∏—Ñ—Ä–...
A forbidden control sequence occurred in skipped text.
This kind of error happens when you say `\if...' and forget
the matching `\fi'. I've inserted a `\fi'; this might work.

Runaway argument?
/home/gosha/latex/cv/ilyacv.tex:27: Forbidden control sequence found while scanning use of \@gobble.
<inserted text> 
                \par 
l.27     \cventry{2012--2015}
                             {–ú–∞—Å—Ç–µ—Ä –ø–æ –æ–±—Ä–∞–±–æ—Ç–∫–µ —Ü–∏—Ñ—Ä–...
I suspect you have forgotten a `}', causing me
to read past where you wanted me to stop.
I'll try to recover; but if the error is serious,
you'd better type `E' or `X' now and fix your file.

/home/gosha/latex/cv/ilyacv.tex:27: Missing } inserted.
<inserted text> 
                }
l.27     \cventry{2012--2015}
                             {–ú–∞—Å—Ç–µ—Ä –ø–æ –æ–±—Ä–∞–±–æ—Ç–∫–µ —Ü–∏—Ñ—Ä–...
I've inserted something that you may have forgotten.
(See the <inserted text> above.)
With luck, this will get me unwedged. But if you
really didn't forget anything, try typing `2' now; then
my insertion and my current dilemma will both disappear.

/home/gosha/latex/cv/ilyacv.tex:27: Missing } inserted.
<inserted text> 
                }
l.27     \cventry{2012--2015}
                             {–ú–∞—Å—Ç–µ—Ä –ø–æ –æ–±—Ä–∞–±–æ—Ç–∫–µ —Ü–∏—Ñ—Ä–...
I've inserted something that you may have forgotten.
(See the <inserted text> above.)
With luck, this will get me unwedged. But if you
really didn't forget anything, try typing `2' now; then
my insertion and my current dilemma will both disappear.

/home/gosha/latex/cv/ilyacv.tex:27: Missing } inserted.
<inserted text> 
                }
l.27     \cventry{2012--2015}
                             {–ú–∞—Å—Ç–µ—Ä –ø–æ –æ–±—Ä–∞–±–æ—Ç–∫–µ —Ü–∏—Ñ—Ä–...
I've inserted something that you may have forgotten.
(See the <inserted text> above.)
With luck, this will get me unwedged. But if you
really didn't forget anything, try typing `2' now; then
my insertion and my current dilemma will both disappear.

/home/gosha/latex/cv/ilyacv.tex:27: Missing } inserted.
<inserted text> 
                }
l.27     \cventry{2012--2015}
                             {–ú–∞—Å—Ç–µ—Ä –ø–æ –æ–±—Ä–∞–±–æ—Ç–∫–µ —Ü–∏—Ñ—Ä–...
I've inserted something that you may have forgotten.
(See the <inserted text> above.)
With luck, this will get me unwedged. But if you
really didn't forget anything, try typing `2' now; then
my insertion and my current dilemma will both disappear.

/home/gosha/latex/cv/ilyacv.tex:27: Extra alignment tab has been changed to \cr.
<recently read> \endtemplate 
                             
l.27     \cventry{2012--2015}
                             {–ú–∞—Å—Ç–µ—Ä –ø–æ –æ–±—Ä–∞–±–æ—Ç–∫–µ —Ü–∏—Ñ—Ä–...
You have given more \span or & marks than there were
in the preamble to the \halign or \valign now in progress.
So I'll assume that you meant to type \cr instead.

/home/gosha/latex/cv/ilyacv.tex:27: Extra \else.
<argument> ...try }.\strut \ifx &2012--2015&\else 
                                                  {\newline {}\begin {minipa...
l.27     \cventry{2012--2015}
                             {–ú–∞—Å—Ç–µ—Ä –ø–æ –æ–±—Ä–∞–±–æ—Ç–∫–µ —Ü–∏—Ñ—Ä–...
I'm ignoring this; it doesn't match any \if.


/home/gosha/latex/cv/ilyacv.tex:27: LaTeX Error: There's no line here to end.

See the LaTeX manual or LaTeX Companion for explanation.
Type  H <return>  for immediate help.
 ...                                              
                                                  
l.27     \cventry{2012--2015}
                             {–ú–∞—Å—Ç–µ—Ä –ø–æ –æ–±—Ä–∞–±–æ—Ç–∫–µ —Ü–∏—Ñ—Ä–...
Your command was ignored.
Type  I <command> <return>  to replace it with another command,
or  <return>  to continue without it.

/home/gosha/latex/cv/ilyacv.tex:27: Extra \fi.
<argument> ...small 2012--2015\end {minipage}}\fi 
                                                  
l.27     \cventry{2012--2015}
                             {–ú–∞—Å—Ç–µ—Ä –ø–æ –æ–±—Ä–∞–±–æ—Ç–∫–µ —Ü–∏—Ñ—Ä–...
I'm ignoring this; it doesn't match any \if.

/home/gosha/latex/cv/ilyacv.tex:27: Missing { inserted.
<inserted text> 
                {
l.27     \cventry{2012--2015}
                             {–ú–∞—Å—Ç–µ—Ä –ø–æ –æ–±—Ä–∞–±–æ—Ç–∫–µ —Ü–∏—Ñ—Ä–...
I've put in what seems to be necessary to fix
the current column of the current alignment.
Try to go on, since this might almost work.

Runaway argument?
/home/gosha/latex/cv/ilyacv.tex:29: Paragraph ended before \\cventry was complete.
<to be read again> 
                   \par 
l.29 
     
I suspect you've forgotten a `}', causing me to apply this
control sequence to too much text. How can we recover?
My plan is to forget the whole thing and hope for the best.


Overfull \hbox (71.9989pt too wide) in paragraph at lines 30--30
[]|[] 
 []


Overfull \hbox (71.9989pt too wide) in paragraph at lines 31--31
[][] 
 []

/home/gosha/latex/cv/ilyacv.tex:33: Argument of \language@active@arg" has an extra }.
<inserted text> 
                \par 
l.33     \cventry{2018--2018}
                             {–ò–Ω–∂–µ–Ω–µ—Ä-–ö–æ–Ω—Å—Ç—Ä—É–∫—Ç–æ—Ä}{"–†—É—Å...
I've run across a `}' that doesn't seem to match anything.
For example, `\def\a#1{...}' and `\a}' would produce
this error. If you simply proceed now, the `\par' that
I've just inserted will cause me to report a runaway
argument that might be the root of the problem. But if
your `}' was spurious, just type `2' and it will go away.

Runaway argument?
/home/gosha/latex/cv/ilyacv.tex:33: Paragraph ended before \language@active@arg" was complete.
<to be read again> 
                   \par 
l.33     \cventry{2018--2018}
                             {–ò–Ω–∂–µ–Ω–µ—Ä-–ö–æ–Ω—Å—Ç—Ä—É–∫—Ç–æ—Ä}{"–†—É—Å...
I suspect you've forgotten a `}', causing me to apply this
control sequence to too much text. How can we recover?
My plan is to forget the whole thing and hope for the best.

/home/gosha/latex/cv/ilyacv.tex:33: Incomplete \ifx; all text was ignored after line 33.
<inserted text> 
                \fi 
l.33     \cventry{2018--2018}
                             {–ò–Ω–∂–µ–Ω–µ—Ä-–ö–æ–Ω—Å—Ç—Ä—É–∫—Ç–æ—Ä}{"–†—É—Å...
A forbidden control sequence occurred in skipped text.
This kind of error happens when you say `\if...' and forget
the matching `\fi'. I've inserted a `\fi'; this might work.

/home/gosha/latex/cv/ilyacv.tex:33: Incomplete \ifx; all text was ignored after line 33.
<inserted text> 
                \fi 
l.33     \cventry{2018--2018}
                             {–ò–Ω–∂–µ–Ω–µ—Ä-–ö–æ–Ω—Å—Ç—Ä—É–∫—Ç–æ—Ä}{"–†—É—Å...
A forbidden control sequence occurred in skipped text.
This kind of error happens when you say `\if...' and forget
the matching `\fi'. I've inserted a `\fi'; this might work.

Runaway argument?
/home/gosha/latex/cv/ilyacv.tex:33: Forbidden control sequence found while scanning use of \@gobble.
<inserted text> 
                \par 
l.33     \cventry{2018--2018}
                             {–ò–Ω–∂–µ–Ω–µ—Ä-–ö–æ–Ω—Å—Ç—Ä—É–∫—Ç–æ—Ä}{"–†—É—Å...
I suspect you have forgotten a `}', causing me
to read past where you wanted me to stop.
I'll try to recover; but if the error is serious,
you'd better type `E' or `X' now and fix your file.

/home/gosha/latex/cv/ilyacv.tex:33: Missing } inserted.
<inserted text> 
                }
l.33     \cventry{2018--2018}
                             {–ò–Ω–∂–µ–Ω–µ—Ä-–ö–æ–Ω—Å—Ç—Ä—É–∫—Ç–æ—Ä}{"–†—É—Å...
I've inserted something that you may have forgotten.
(See the <inserted text> above.)
With luck, this will get me unwedged. But if you
really didn't forget anything, try typing `2' now; then
my insertion and my current dilemma will both disappear.

/home/gosha/latex/cv/ilyacv.tex:33: Missing } inserted.
<inserted text> 
                }
l.33     \cventry{2018--2018}
                             {–ò–Ω–∂–µ–Ω–µ—Ä-–ö–æ–Ω—Å—Ç—Ä—É–∫—Ç–æ—Ä}{"–†—É—Å...
I've inserted something that you may have forgotten.
(See the <inserted text> above.)
With luck, this will get me unwedged. But if you
really didn't forget anything, try typing `2' now; then
my insertion and my current dilemma will both disappear.

/home/gosha/latex/cv/ilyacv.tex:33: Missing } inserted.
<inserted text> 
                }
l.33     \cventry{2018--2018}
                             {–ò–Ω–∂–µ–Ω–µ—Ä-–ö–æ–Ω—Å—Ç—Ä—É–∫—Ç–æ—Ä}{"–†—É—Å...
I've inserted something that you may have forgotten.
(See the <inserted text> above.)
With luck, this will get me unwedged. But if you
really didn't forget anything, try typing `2' now; then
my insertion and my current dilemma will both disappear.

/home/gosha/latex/cv/ilyacv.tex:33: Missing } inserted.
<inserted text> 
                }
l.33     \cventry{2018--2018}
                             {–ò–Ω–∂–µ–Ω–µ—Ä-–ö–æ–Ω—Å—Ç—Ä—É–∫—Ç–æ—Ä}{"–†—É—Å...
I've inserted something that you may have forgotten.
(See the <inserted text> above.)
With luck, this will get me unwedged. But if you
really didn't forget anything, try typing `2' now; then
my insertion and my current dilemma will both disappear.

/home/gosha/latex/cv/ilyacv.tex:33: Extra alignment tab has been changed to \cr.
<recently read> \endtemplate 
                             
l.33     \cventry{2018--2018}
                             {–ò–Ω–∂–µ–Ω–µ—Ä-–ö–æ–Ω—Å—Ç—Ä—É–∫—Ç–æ—Ä}{"–†—É—Å...
You have given more \span or & marks than there were
in the preamble to the \halign or \valign now in progress.
So I'll assume that you meant to type \cr instead.

/home/gosha/latex/cv/ilyacv.tex:33: Extra \else.
<argument> ...try }.\strut \ifx &2018--2018&\else 
                                                  {\newline {}\begin {minipa...
l.33     \cventry{2018--2018}
                             {–ò–Ω–∂–µ–Ω–µ—Ä-–ö–æ–Ω—Å—Ç—Ä—É–∫—Ç–æ—Ä}{"–†—É—Å...
I'm ignoring this; it doesn't match any \if.


/home/gosha/latex/cv/ilyacv.tex:33: LaTeX Error: There's no line here to end.

See the LaTeX manual or LaTeX Companion for explanation.
Type  H <return>  for immediate help.
 ...                                              
                                                  
l.33     \cventry{2018--2018}
                             {–ò–Ω–∂–µ–Ω–µ—Ä-–ö–æ–Ω—Å—Ç—Ä—É–∫—Ç–æ—Ä}{"–†—É—Å...
Your command was ignored.
Type  I <command> <return>  to replace it with another command,
or  <return>  to continue without it.

/home/gosha/latex/cv/ilyacv.tex:33: Extra \fi.
<argument> ...small 2018--2018\end {minipage}}\fi 
                                                  
l.33     \cventry{2018--2018}
                             {–ò–Ω–∂–µ–Ω–µ—Ä-–ö–æ–Ω—Å—Ç—Ä—É–∫—Ç–æ—Ä}{"–†—É—Å...
I'm ignoring this; it doesn't match any \if.

/home/gosha/latex/cv/ilyacv.tex:33: Missing { inserted.
<inserted text> 
                {
l.33     \cventry{2018--2018}
                             {–ò–Ω–∂–µ–Ω–µ—Ä-–ö–æ–Ω—Å—Ç—Ä—É–∫—Ç–æ—Ä}{"–†—É—Å...
I've put in what seems to be necessary to fix
the current column of the current alignment.
Try to go on, since this might almost work.

/home/gosha/latex/cv/ilyacv.tex:33: Argument of \language@active@arg" has an extra }.
<inserted text> 
                \par 
l.33 ...Ç—Ä—É–∫—Ç–æ—Ä}{"–†—É—Å–∞–≤–∏–∞–∏–Ω—Ç–µ—Ä"}
                                                  {–≥.–î—É–±–Ω–∞}
I've run across a `}' that doesn't seem to match anything.
For example, `\def\a#1{...}' and `\a}' would produce
this error. If you simply proceed now, the `\par' that
I've just inserted will cause me to report a runaway
argument that might be the root of the problem. But if
your `}' was spurious, just type `2' and it will go away.

Runaway argument?
/home/gosha/latex/cv/ilyacv.tex:33: Paragraph ended before \language@active@arg" was complete.
<to be read again> 
                   \par 
l.33 ...Ç—Ä—É–∫—Ç–æ—Ä}{"–†—É—Å–∞–≤–∏–∞–∏–Ω—Ç–µ—Ä"}
                                                  {–≥.–î—É–±–Ω–∞}
I suspect you've forgotten a `}', causing me to apply this
control sequence to too much text. How can we recover?
My plan is to forget the whole thing and hope for the best.

/home/gosha/latex/cv/ilyacv.tex:36: Argument of \\cvitemwithcomment has an extra }.
<inserted text> 
                \par 
l.36     \cvitemwithcomment{–ê–Ω–≥–ª–∏–π—Å–∫–∏–π}
                                                 {–†–∞–∑–≥–æ–≤–æ—Ä–Ω—ã–π}{–æ...
I've run across a `}' that doesn't seem to match anything.
For example, `\def\a#1{...}' and `\a}' would produce
this error. If you simply proceed now, the `\par' that
I've just inserted will cause me to report a runaway
argument that might be the root of the problem. But if
your `}' was spurious, just type `2' and it will go away.

Runaway argument?
/home/gosha/latex/cv/ilyacv.tex:36: Paragraph ended before \\cvitemwithcomment was complete.
<to be read again> 
                   \par 
l.36     \cvitemwithcomment{–ê–Ω–≥–ª–∏–π—Å–∫–∏–π}
                                                 {–†–∞–∑–≥–æ–≤–æ—Ä–Ω—ã–π}{–æ...
I suspect you've forgotten a `}', causing me to apply this
control sequence to too much text. How can we recover?
My plan is to forget the whole thing and hope for the best.


LaTeX Font Warning: Font shape `T2A/lmss/m/it' undefined
(Font)              using `T2A/lmss/m/n' instead on input line 36.

/home/gosha/latex/cv/ilyacv.tex:36: Incomplete \ifx; all text was ignored after line 36.
<inserted text> 
                \fi 
l.36     \cvitemwithcomment{–ê–Ω–≥–ª–∏–π—Å–∫–∏–π}
                                                 {–†–∞–∑–≥–æ–≤–æ—Ä–Ω—ã–π}{–æ...
A forbidden control sequence occurred in skipped text.
This kind of error happens when you say `\if...' and forget
the matching `\fi'. I've inserted a `\fi'; this might work.

/home/gosha/latex/cv/ilyacv.tex:36: Missing \endgroup inserted.
<inserted text> 
                \endgroup 
l.36     \cvitemwithcomment{–ê–Ω–≥–ª–∏–π—Å–∫–∏–π}
                                                 {–†–∞–∑–≥–æ–≤–æ—Ä–Ω—ã–π}{–æ...
I've inserted something that you may have forgotten.
(See the <inserted text> above.)
With luck, this will get me unwedged. But if you
really didn't forget anything, try typing `2' now; then
my insertion and my current dilemma will both disappear.

/home/gosha/latex/cv/ilyacv.tex:36: Missing } inserted.
<inserted text> 
                }
l.36     \cvitemwithcomment{–ê–Ω–≥–ª–∏–π—Å–∫–∏–π}
                                                 {–†–∞–∑–≥–æ–≤–æ—Ä–Ω—ã–π}{–æ...
I've inserted something that you may have forgotten.
(See the <inserted text> above.)
With luck, this will get me unwedged. But if you
really didn't forget anything, try typing `2' now; then
my insertion and my current dilemma will both disappear.

/home/gosha/latex/cv/ilyacv.tex:36: Missing \endgroup inserted.
<inserted text> 
                \endgroup 
l.36     \cvitemwithcomment{–ê–Ω–≥–ª–∏–π—Å–∫–∏–π}
                                                 {–†–∞–∑–≥–æ–≤–æ—Ä–Ω—ã–π}{–æ...
I've inserted something that you may have forgotten.
(See the <inserted text> above.)
With luck, this will get me unwedged. But if you
really didn't forget anything, try typing `2' now; then
my insertion and my current dilemma will both disappear.

/home/gosha/latex/cv/ilyacv.tex:36: Missing } inserted.
<inserted text> 
                }
l.36     \cvitemwithcomment{–ê–Ω–≥–ª–∏–π—Å–∫–∏–π}
                                                 {–†–∞–∑–≥–æ–≤–æ—Ä–Ω—ã–π}{–æ...
I've inserted something that you may have forgotten.
(See the <inserted text> above.)
With luck, this will get me unwedged. But if you
really didn't forget anything, try typing `2' now; then
my insertion and my current dilemma will both disappear.

/home/gosha/latex/cv/ilyacv.tex:36: Missing } inserted.
<inserted text> 
                }
l.36     \cvitemwithcomment{–ê–Ω–≥–ª–∏–π—Å–∫–∏–π}
                                                 {–†–∞–∑–≥–æ–≤–æ—Ä–Ω—ã–π}{–æ...
I've inserted something that you may have forgotten.
(See the <inserted text> above.)
With luck, this will get me unwedged. But if you
really didn't forget anything, try typing `2' now; then
my insertion and my current dilemma will both disappear.

/home/gosha/latex/cv/ilyacv.tex:36: Missing } inserted.
<inserted text> 
                }
l.36     \cvitemwithcomment{–ê–Ω–≥–ª–∏–π—Å–∫–∏–π}
                                                 {–†–∞–∑–≥–æ–≤–æ—Ä–Ω—ã–π}{–æ...
I've inserted something that you may have forgotten.
(See the <inserted text> above.)
With luck, this will get me unwedged. But if you
really didn't forget anything, try typing `2' now; then
my insertion and my current dilemma will both disappear.

/home/gosha/latex/cv/ilyacv.tex:36: Missing } inserted.
<inserted text> 
                }
l.36     \cvitemwithcomment{–ê–Ω–≥–ª–∏–π—Å–∫–∏–π}
                                                 {–†–∞–∑–≥–æ–≤–æ—Ä–Ω—ã–π}{–æ...
I've inserted something that you may have forgotten.
(See the <inserted text> above.)
With luck, this will get me unwedged. But if you
really didn't forget anything, try typing `2' now; then
my insertion and my current dilemma will both disappear.

/home/gosha/latex/cv/ilyacv.tex:36: Extra alignment tab has been changed to \cr.
<recently read> \endtemplate 
                             
l.36     \cvitemwithcomment{–ê–Ω–≥–ª–∏–π—Å–∫–∏–π}
                                                 {–†–∞–∑–≥–æ–≤–æ—Ä–Ω—ã–π}{–æ...
You have given more \span or & marks than there were
in the preamble to the \halign or \valign now in progress.
So I'll assume that you meant to type \cr instead.

/home/gosha/latex/cv/ilyacv.tex:36: Extra \else.
<argument> ...ut \ifx &–ê–Ω–≥–ª–∏–π—Å–∫–∏–π&\else 
                                                  {\newline {}\begin {minipa...
l.36     \cvitemwithcomment{–ê–Ω–≥–ª–∏–π—Å–∫–∏–π}
                                                 {–†–∞–∑–≥–æ–≤–æ—Ä–Ω—ã–π}{–æ...
I'm ignoring this; it doesn't match any \if.


/home/gosha/latex/cv/ilyacv.tex:36: LaTeX Error: There's no line here to end.

See the LaTeX manual or LaTeX Companion for explanation.
Type  H <return>  for immediate help.
 ...                                              
                                                  
l.36     \cvitemwithcomment{–ê–Ω–≥–ª–∏–π—Å–∫–∏–π}
                                                 {–†–∞–∑–≥–æ–≤–æ—Ä–Ω—ã–π}{–æ...
Your command was ignored.
Type  I <command> <return>  to replace it with another command,
or  <return>  to continue without it.

/home/gosha/latex/cv/ilyacv.tex:36: Extra \fi.
<argument> ...–≥–ª–∏–π—Å–∫–∏–π\end {minipage}}\fi 
                                                  
l.36     \cvitemwithcomment{–ê–Ω–≥–ª–∏–π—Å–∫–∏–π}
                                                 {–†–∞–∑–≥–æ–≤–æ—Ä–Ω—ã–π}{–æ...
I'm ignoring this; it doesn't match any \if.

/home/gosha/latex/cv/ilyacv.tex:36: Missing { inserted.
<inserted text> 
                {
l.36     \cvitemwithcomment{–ê–Ω–≥–ª–∏–π—Å–∫–∏–π}
                                                 {–†–∞–∑–≥–æ–≤–æ—Ä–Ω—ã–π}{–æ...
I've put in what seems to be necessary to fix
the current column of the current alignment.
Try to go on, since this might almost work.


Overfull \hbox (189.69815pt too wide) in paragraph at lines 36--36
[]|\T2A/lmss/m/sl/10.95 (-20) , –ÛÒ-ÒÍËÈ, –Ó‰-ÌÓÈ ˇÁ˚Í, [] 
 []


Overfull \hbox (71.9989pt too wide) in paragraph at lines 38--38
[][] 
 []


Overfull \hbox (8.72038pt too wide) in paragraph at lines 39--39
 []|[]\T2A/lmss/m/sl/10.95 (-20) ŒÔÂ‡ˆËÓÌÌ˚Â
 []


Overfull \hbox (71.9989pt too wide) in paragraph at lines 39--39
[][] 
 []

/home/gosha/latex/cv/ilyacv.tex:40: You can't use `macro parameter character #' in horizontal mode.
<argument> ...[t]{\doubleitemcolumnwidth }C++, C##
                                                  , Java\end {minipage}\hfil...
l.40 ... C#, Java}{–ü—Ä–æ—á–∏–µ —è–∑—ã–∫–∏}{mySQL}
                                                  
Sorry, but I'm not programmed to handle this case;
I'll just pretend that you didn't ask for it.
If you're in the wrong mode, you might be able to
return to the right one by typing `I}' or `I$' or `I\par'.


Overfull \hbox (71.9989pt too wide) in paragraph at lines 40--40
[][] 
 []


/home/gosha/latex/cv/ilyacv.tex:41: LaTeX Error: \begin{tabular} on input line 36 ended by \end{document}.

See the LaTeX manual or LaTeX Companion for explanation.
Type  H <return>  for immediate help.
 ...                                              
                                                  
l.41 \end{document}
                   
Your command was ignored.
Type  I <command> <return>  to replace it with another command,
or  <return>  to continue without it.

Package atveryend Info: Empty hook `BeforeClearDocument' on input line 41.
Package atveryend Info: Empty hook `AfterLastShipout' on input line 41.
(/home/gosha/latex/cv/ilyacv.aux)
Package atveryend Info: Executing hook `AtVeryEndDocument' on input line 41.
Package atveryend Info: Executing hook `AtEndAfterFileList' on input line 41.


Package rerunfilecheck Warning: File `ilyacv.out' has changed.
(rerunfilecheck)                Rerun to get outlines right
(rerunfilecheck)                or use package `bookmark'.

Package rerunfilecheck Info: Checksums for `ilyacv.out':
(rerunfilecheck)             Before: <no file>
(rerunfilecheck)             After:  D41D8CD98F00B204E9800998ECF8427E;0.

LaTeX Font Warning: Size substitutions with differences
(Font)              up to 2.17pt have occurred.


LaTeX Font Warning: Some font shapes were not available, defaults substituted.

/home/gosha/latex/cv/ilyacv.tex:41: You can't use `\end' in internal vertical mode.
\enddocument ...cumenthook \deadcycles \z@ \@@end 
                                                  
l.41 \end{document}
                   
Sorry, but I'm not programmed to handle this case;
I'll just pretend that you didn't ask for it.
If you're in the wrong mode, you might be able to
return to the right one by typing `I}' or `I$' or `I\par'.


/home/gosha/latex/cv/ilyacv.tex:41: LaTeX Error: \begin{tabular} on input line 36 ended by \end{document}.

See the LaTeX manual or LaTeX Companion for explanation.
Type  H <return>  for immediate help.
 ...                                              
                                                  
l.41 \end{document}
                   
Your command was ignored.
Type  I <command> <return>  to replace it with another command,
or  <return>  to continue without it.

/home/gosha/latex/cv/ilyacv.tex:41: Missing } inserted.
<inserted text> 
                }
l.41 \end{document}
                   
I've inserted something that you may have forgotten.
(See the <inserted text> above.)
With luck, this will get me unwedged. But if you
really didn't forget anything, try typing `2' now; then
my insertion and my current dilemma will both disappear.

/home/gosha/latex/cv/ilyacv.tex:41: Missing } inserted.
<inserted text> 
                }
l.41 \end{document}
                   
I've inserted something that you may have forgotten.
(See the <inserted text> above.)
With luck, this will get me unwedged. But if you
really didn't forget anything, try typing `2' now; then
my insertion and my current dilemma will both disappear.

/home/gosha/latex/cv/ilyacv.tex:41: Missing } inserted.
<inserted text> 
                }
l.41 \end{document}
                   
I've inserted something that you may have forgotten.
(See the <inserted text> above.)
With luck, this will get me unwedged. But if you
really didn't forget anything, try typing `2' now; then
my insertion and my current dilemma will both disappear.

/home/gosha/latex/cv/ilyacv.tex:41: Missing } inserted.
<inserted text> 
                }
l.41 \end{document}
                   
I've inserted something that you may have forgotten.
(See the <inserted text> above.)
With luck, this will get me unwedged. But if you
really didn't forget anything, try typing `2' now; then
my insertion and my current dilemma will both disappear.

/home/gosha/latex/cv/ilyacv.tex:41: Missing } inserted.
<inserted text> 
                }
l.41 \end{document}
                   
I've inserted something that you may have forgotten.
(See the <inserted text> above.)
With luck, this will get me unwedged. But if you
really didn't forget anything, try typing `2' now; then
my insertion and my current dilemma will both disappear.

/home/gosha/latex/cv/ilyacv.tex:41: Missing \cr inserted.
<inserted text> 
                \cr 
l.41 \end{document}
                   
I'm guessing that you meant to end an alignment here.

/home/gosha/latex/cv/ilyacv.tex:41: Missing { inserted.
<inserted text> 
                {
l.41 \end{document}
                   
I've put in what seems to be necessary to fix
the current column of the current alignment.
Try to go on, since this might almost work.

/home/gosha/latex/cv/ilyacv.tex:41: Missing { inserted.
<inserted text> 
                {
l.41 \end{document}
                   
I've put in what seems to be necessary to fix
the current column of the current alignment.
Try to go on, since this might almost work.

/home/gosha/latex/cv/ilyacv.tex:41: Missing \cr inserted.
<inserted text> 
                \cr 
l.41 \end{document}
                   
I'm guessing that you meant to end an alignment here.

/home/gosha/latex/cv/ilyacv.tex:41: Misplaced \cr.
<inserted text> \cr 
                    
l.41 \end{document}
                   
I can't figure out why you would want to use a tab mark
or \cr or \span just now. If something like a right brace
up above has ended a previous alignment prematurely,
you're probably due for more error messages, and you
might try typing `S' now just to see what is salvageable.

/home/gosha/latex/cv/ilyacv.tex:41: Missing \cr inserted.
<inserted text> 
                \cr 
l.41 \end{document}
                   
I'm guessing that you meant to end an alignment here.

/home/gosha/latex/cv/ilyacv.tex:41: Misplaced \cr.
<inserted text> \cr 
                    
l.41 \end{document}
                   
I can't figure out why you would want to use a tab mark
or \cr or \span just now. If something like a right brace
up above has ended a previous alignment prematurely,
you're probably due for more error messages, and you
might try typing `S' now just to see what is salvageable.

/home/gosha/latex/cv/ilyacv.tex:41: Missing \cr inserted.
<inserted text> 
                \cr 
l.41 \end{document}
                   
I'm guessing that you meant to end an alignment here.

/home/gosha/latex/cv/ilyacv.tex:41: Misplaced \cr.
<inserted text> \cr 
                    
l.41 \end{document}
                   
I can't figure out why you would want to use a tab mark
or \cr or \span just now. If something like a right brace
up above has ended a previous alignment prematurely,
you're probably due for more error messages, and you
might try typing `S' now just to see what is salvageable.

/home/gosha/latex/cv/ilyacv.tex:41: Missing \cr inserted.
<inserted text> 
                \cr 
l.41 \end{document}
                   
I'm guessing that you meant to end an alignment here.

/home/gosha/latex/cv/ilyacv.tex:41: Misplaced \cr.
<inserted text> \cr 
                    
l.41 \end{document}
                   
I can't figure out why you would want to use a tab mark
or \cr or \span just now. If something like a right brace
up above has ended a previous alignment prematurely,
you're probably due for more error messages, and you
might try typing `S' now just to see what is salvageable.

/home/gosha/latex/cv/ilyacv.tex:41: Missing \cr inserted.
<inserted text> 
                \cr 
l.41 \end{document}
                   
I'm guessing that you meant to end an alignment here.

/home/gosha/latex/cv/ilyacv.tex:41: Misplaced \cr.
<inserted text> \cr 
                    
l.41 \end{document}
                   
I can't figure out why you would want to use a tab mark
or \cr or \span just now. If something like a right brace
up above has ended a previous alignment prematurely,
you're probably due for more error messages, and you
might try typing `S' now just to see what is salvageable.

/home/gosha/latex/cv/ilyacv.tex:41: Missing \cr inserted.
<inserted text> 
                \cr 
l.41 \end{document}
                   
I'm guessing that you meant to end an alignment here.

/home/gosha/latex/cv/ilyacv.tex:41: Misplaced \cr.
<inserted text> \cr 
                    
l.41 \end{document}
                   
I can't figure out why you would want to use a tab mark
or \cr or \span just now. If something like a right brace
up above has ended a previous alignment prematurely,
you're probably due for more error messages, and you
might try typing `S' now just to see what is salvageable.

/home/gosha/latex/cv/ilyacv.tex:41: Missing \cr inserted.
<inserted text> 
                \cr 
l.41 \end{document}
                   
I'm guessing that you meant to end an alignment here.

/home/gosha/latex/cv/ilyacv.tex:41: Misplaced \cr.
<inserted text> \cr 
                    
l.41 \end{document}
                   
I can't figure out why you would want to use a tab mark
or \cr or \span just now. If something like a right brace
up above has ended a previous alignment prematurely,
you're probably due for more error messages, and you
might try typing `S' now just to see what is salvageable.

/home/gosha/latex/cv/ilyacv.tex:41: Missing \cr inserted.
<inserted text> 
                \cr 
l.41 \end{document}
                   
I'm guessing that you meant to end an alignment here.

/home/gosha/latex/cv/ilyacv.tex:41: Misplaced \cr.
<inserted text> \cr 
                    
l.41 \end{document}
                   
I can't figure out why you would want to use a tab mark
or \cr or \span just now. If something like a right brace
up above has ended a previous alignment prematurely,
you're probably due for more error messages, and you
might try typing `S' now just to see what is salvageable.

/home/gosha/latex/cv/ilyacv.tex:41: Missing \cr inserted.
<inserted text> 
                \cr 
l.41 \end{document}
                   
I'm guessing that you meant to end an alignment here.

/home/gosha/latex/cv/ilyacv.tex:41: Misplaced \cr.
<inserted text> \cr 
                    
l.41 \end{document}
                   
I can't figure out why you would want to use a tab mark
or \cr or \span just now. If something like a right brace
up above has ended a previous alignment prematurely,
you're probably due for more error messages, and you
might try typing `S' now just to see what is salvageable.

/home/gosha/latex/cv/ilyacv.tex:41: Missing \cr inserted.
<inserted text> 
                \cr 
l.41 \end{document}
                   
I'm guessing that you meant to end an alignment here.

/home/gosha/latex/cv/ilyacv.tex:41: Misplaced \cr.
<inserted text> \cr 
                    
l.41 \end{document}
                   
I can't figure out why you would want to use a tab mark
or \cr or \span just now. If something like a right brace
up above has ended a previous alignment prematurely,
you're probably due for more error messages, and you
might try typing `S' now just to see what is salvageable.

/home/gosha/latex/cv/ilyacv.tex:41: Missing \cr inserted.
<inserted text> 
                \cr 
l.41 \end{document}
                   
I'm guessing that you meant to end an alignment here.

/home/gosha/latex/cv/ilyacv.tex:41: Misplaced \cr.
<inserted text> \cr 
                    
l.41 \end{document}
                   
I can't figure out why you would want to use a tab mark
or \cr or \span just now. If something like a right brace
up above has ended a previous alignment prematurely,
you're probably due for more error messages, and you
might try typing `S' now just to see what is salvageable.

/home/gosha/latex/cv/ilyacv.tex:41: Missing \cr inserted.
<inserted text> 
                \cr 
l.41 \end{document}
                   
I'm guessing that you meant to end an alignment here.

/home/gosha/latex/cv/ilyacv.tex:41: Misplaced \cr.
<inserted text> \cr 
                    
l.41 \end{document}
                   
I can't figure out why you would want to use a tab mark
or \cr or \span just now. If something like a right brace
up above has ended a previous alignment prematurely,
you're probably due for more error messages, and you
might try typing `S' now just to see what is salvageable.

/home/gosha/latex/cv/ilyacv.tex:41: Missing \cr inserted.
<inserted text> 
                \cr 
l.41 \end{document}
                   
I'm guessing that you meant to end an alignment here.

/home/gosha/latex/cv/ilyacv.tex:41: Misplaced \cr.
<inserted text> \cr 
                    
l.41 \end{document}
                   
I can't figure out why you would want to use a tab mark
or \cr or \span just now. If something like a right brace
up above has ended a previous alignment prematurely,
you're probably due for more error messages, and you
might try typing `S' now just to see what is salvageable.

/home/gosha/latex/cv/ilyacv.tex:41: Missing \cr inserted.
<inserted text> 
                \cr 
l.41 \end{document}
                   
I'm guessing that you meant to end an alignment here.

/home/gosha/latex/cv/ilyacv.tex:41: Misplaced \cr.
<inserted text> \cr 
                    
l.41 \end{document}
                   
I can't figure out why you would want to use a tab mark
or \cr or \span just now. If something like a right brace
up above has ended a previous alignment prematurely,
you're probably due for more error messages, and you
might try typing `S' now just to see what is salvageable.

/home/gosha/latex/cv/ilyacv.tex:41: Missing \cr inserted.
<inserted text> 
                \cr 
l.41 \end{document}
                   
I'm guessing that you meant to end an alignment here.

/home/gosha/latex/cv/ilyacv.tex:41: Misplaced \cr.
<inserted text> \cr 
                    
l.41 \end{document}
                   
I can't figure out why you would want to use a tab mark
or \cr or \span just now. If something like a right brace
up above has ended a previous alignment prematurely,
you're probably due for more error messages, and you
might try typing `S' now just to see what is salvageable.

/home/gosha/latex/cv/ilyacv.tex:41: Missing \cr inserted.
<inserted text> 
                \cr 
l.41 \end{document}
                   
I'm guessing that you meant to end an alignment here.

/home/gosha/latex/cv/ilyacv.tex:41: Misplaced \cr.
<inserted text> \cr 
                    
l.41 \end{document}
                   
I can't figure out why you would want to use a tab mark
or \cr or \span just now. If something like a right brace
up above has ended a previous alignment prematurely,
you're probably due for more error messages, and you
might try typing `S' now just to see what is salvageable.

/home/gosha/latex/cv/ilyacv.tex:41: Missing \cr inserted.
<inserted text> 
                \cr 
l.41 \end{document}
                   
I'm guessing that you meant to end an alignment here.

/home/gosha/latex/cv/ilyacv.tex:41: Misplaced \cr.
<inserted text> \cr 
                    
l.41 \end{document}
                   
I can't figure out why you would want to use a tab mark
or \cr or \span just now. If something like a right brace
up above has ended a previous alignment prematurely,
you're probably due for more error messages, and you
might try typing `S' now just to see what is salvageable.

/home/gosha/latex/cv/ilyacv.tex:41: Missing \cr inserted.
<inserted text> 
                \cr 
l.41 \end{document}
                   
I'm guessing that you meant to end an alignment here.

/home/gosha/latex/cv/ilyacv.tex:41: Misplaced \cr.
<inserted text> \cr 
                    
l.41 \end{document}
                   
I can't figure out why you would want to use a tab mark
or \cr or \span just now. If something like a right brace
up above has ended a previous alignment prematurely,
you're probably due for more error messages, and you
might try typing `S' now just to see what is salvageable.

/home/gosha/latex/cv/ilyacv.tex:41: Missing \cr inserted.
<inserted text> 
                \cr 
l.41 \end{document}
                   
I'm guessing that you meant to end an alignment here.

/home/gosha/latex/cv/ilyacv.tex:41: Misplaced \cr.
<inserted text> \cr 
                    
l.41 \end{document}
                   
I can't figure out why you would want to use a tab mark
or \cr or \span just now. If something like a right brace
up above has ended a previous alignment prematurely,
you're probably due for more error messages, and you
might try typing `S' now just to see what is salvageable.

/home/gosha/latex/cv/ilyacv.tex:41: Missing \cr inserted.
<inserted text> 
                \cr 
l.41 \end{document}
                   
I'm guessing that you meant to end an alignment here.

/home/gosha/latex/cv/ilyacv.tex:41: Misplaced \cr.
<inserted text> \cr 
                    
l.41 \end{document}
                   
I can't figure out why you would want to use a tab mark
or \cr or \span just now. If something like a right brace
up above has ended a previous alignment prematurely,
you're probably due for more error messages, and you
might try typing `S' now just to see what is salvageable.

/home/gosha/latex/cv/ilyacv.tex:41: Missing \cr inserted.
<inserted text> 
                \cr 
l.41 \end{document}
                   
I'm guessing that you meant to end an alignment here.

/home/gosha/latex/cv/ilyacv.tex:41: Misplaced \cr.
<inserted text> \cr 
                    
l.41 \end{document}
                   
I can't figure out why you would want to use a tab mark
or \cr or \span just now. If something like a right brace
up above has ended a previous alignment prematurely,
you're probably due for more error messages, and you
might try typing `S' now just to see what is salvageable.

/home/gosha/latex/cv/ilyacv.tex:41: Missing \cr inserted.
<inserted text> 
                \cr 
l.41 \end{document}
                   
I'm guessing that you meant to end an alignment here.

/home/gosha/latex/cv/ilyacv.tex:41: Misplaced \cr.
<inserted text> \cr 
                    
l.41 \end{document}
                   
I can't figure out why you would want to use a tab mark
or \cr or \span just now. If something like a right brace
up above has ended a previous alignment prematurely,
you're probably due for more error messages, and you
might try typing `S' now just to see what is salvageable.

/home/gosha/latex/cv/ilyacv.tex:41: Missing \cr inserted.
<inserted text> 
                \cr 
l.41 \end{document}
                   
I'm guessing that you meant to end an alignment here.

/home/gosha/latex/cv/ilyacv.tex:41: Misplaced \cr.
<inserted text> \cr 
                    
l.41 \end{document}
                   
I can't figure out why you would want to use a tab mark
or \cr or \span just now. If something like a right brace
up above has ended a previous alignment prematurely,
you're probably due for more error messages, and you
might try typing `S' now just to see what is salvageable.

/home/gosha/latex/cv/ilyacv.tex:41: Missing \cr inserted.
<inserted text> 
                \cr 
l.41 \end{document}
                   
I'm guessing that you meant to end an alignment here.

/home/gosha/latex/cv/ilyacv.tex:41: Misplaced \cr.
<inserted text> \cr 
                    
l.41 \end{document}
                   
I can't figure out why you would want to use a tab mark
or \cr or \span just now. If something like a right brace
up above has ended a previous alignment prematurely,
you're probably due for more error messages, and you
might try typing `S' now just to see what is salvageable.

/home/gosha/latex/cv/ilyacv.tex:41: Missing \cr inserted.
<inserted text> 
                \cr 
l.41 \end{document}
                   
I'm guessing that you meant to end an alignment here.

/home/gosha/latex/cv/ilyacv.tex:41: Misplaced \cr.
<inserted text> \cr 
                    
l.41 \end{document}
                   
I can't figure out why you would want to use a tab mark
or \cr or \span just now. If something like a right brace
up above has ended a previous alignment prematurely,
you're probably due for more error messages, and you
might try typing `S' now just to see what is salvageable.

/home/gosha/latex/cv/ilyacv.tex:41: Missing \cr inserted.
<inserted text> 
                \cr 
l.41 \end{document}
                   
I'm guessing that you meant to end an alignment here.

/home/gosha/latex/cv/ilyacv.tex:41: Misplaced \cr.
<inserted text> \cr 
                    
l.41 \end{document}
                   
I can't figure out why you would want to use a tab mark
or \cr or \span just now. If something like a right brace
up above has ended a previous alignment prematurely,
you're probably due for more error messages, and you
might try typing `S' now just to see what is salvageable.

/home/gosha/latex/cv/ilyacv.tex:41: Missing \cr inserted.
<inserted text> 
                \cr 
l.41 \end{document}
                   
I'm guessing that you meant to end an alignment here.

/home/gosha/latex/cv/ilyacv.tex:41: Misplaced \cr.
<inserted text> \cr 
                    
l.41 \end{document}
                   
I can't figure out why you would want to use a tab mark
or \cr or \span just now. If something like a right brace
up above has ended a previous alignment prematurely,
you're probably due for more error messages, and you
might try typing `S' now just to see what is salvageable.

/home/gosha/latex/cv/ilyacv.tex:41: Missing \cr inserted.
<inserted text> 
                \cr 
l.41 \end{document}
                   
I'm guessing that you meant to end an alignment here.

/home/gosha/latex/cv/ilyacv.tex:41: Misplaced \cr.
<inserted text> \cr 
                    
l.41 \end{document}
                   
I can't figure out why you would want to use a tab mark
or \cr or \span just now. If something like a right brace
up above has ended a previous alignment prematurely,
you're probably due for more error messages, and you
might try typing `S' now just to see what is salvageable.

/home/gosha/latex/cv/ilyacv.tex:41: Missing \cr inserted.
<inserted text> 
                \cr 
l.41 \end{document}
                   
I'm guessing that you meant to end an alignment here.

/home/gosha/latex/cv/ilyacv.tex:41: Misplaced \cr.
<inserted text> \cr 
                    
l.41 \end{document}
                   
I can't figure out why you would want to use a tab mark
or \cr or \span just now. If something like a right brace
up above has ended a previous alignment prematurely,
you're probably due for more error messages, and you
might try typing `S' now just to see what is salvageable.

/home/gosha/latex/cv/ilyacv.tex:41: Missing \cr inserted.
<inserted text> 
                \cr 
l.41 \end{document}
                   
I'm guessing that you meant to end an alignment here.

/home/gosha/latex/cv/ilyacv.tex:41: Misplaced \cr.
<inserted text> \cr 
                    
l.41 \end{document}
                   
I can't figure out why you would want to use a tab mark
or \cr or \span just now. If something like a right brace
up above has ended a previous alignment prematurely,
you're probably due for more error messages, and you
might try typing `S' now just to see what is salvageable.

/home/gosha/latex/cv/ilyacv.tex:41: Missing \cr inserted.
<inserted text> 
                \cr 
l.41 \end{document}
                   
I'm guessing that you meant to end an alignment here.

/home/gosha/latex/cv/ilyacv.tex:41: Misplaced \cr.
<inserted text> \cr 
                    
l.41 \end{document}
                   
I can't figure out why you would want to use a tab mark
or \cr or \span just now. If something like a right brace
up above has ended a previous alignment prematurely,
you're probably due for more error messages, and you
might try typing `S' now just to see what is salvageable.

/home/gosha/latex/cv/ilyacv.tex:41: Missing \cr inserted.
<inserted text> 
                \cr 
l.41 \end{document}
                   
I'm guessing that you meant to end an alignment here.

/home/gosha/latex/cv/ilyacv.tex:41: Misplaced \cr.
<inserted text> \cr 
                    
l.41 \end{document}
                   
I can't figure out why you would want to use a tab mark
or \cr or \span just now. If something like a right brace
up above has ended a previous alignment prematurely,
you're probably due for more error messages, and you
might try typing `S' now just to see what is salvageable.

/home/gosha/latex/cv/ilyacv.tex:41: Missing \cr inserted.
<inserted text> 
                \cr 
l.41 \end{document}
                   
I'm guessing that you meant to end an alignment here.

/home/gosha/latex/cv/ilyacv.tex:41: Misplaced \cr.
<inserted text> \cr 
                    
l.41 \end{document}
                   
I can't figure out why you would want to use a tab mark
or \cr or \span just now. If something like a right brace
up above has ended a previous alignment prematurely,
you're probably due for more error messages, and you
might try typing `S' now just to see what is salvageable.

/home/gosha/latex/cv/ilyacv.tex:41: Missing \cr inserted.
<inserted text> 
                \cr 
l.41 \end{document}
                   
I'm guessing that you meant to end an alignment here.

/home/gosha/latex/cv/ilyacv.tex:41: Misplaced \cr.
<inserted text> \cr 
                    
l.41 \end{document}
                   
I can't figure out why you would want to use a tab mark
or \cr or \span just now. If something like a right brace
up above has ended a previous alignment prematurely,
you're probably due for more error messages, and you
might try typing `S' now just to see what is salvageable.

/home/gosha/latex/cv/ilyacv.tex:41: Missing \cr inserted.
<inserted text> 
                \cr 
l.41 \end{document}
                   
I'm guessing that you meant to end an alignment here.

/home/gosha/latex/cv/ilyacv.tex:41: Misplaced \cr.
<inserted text> \cr 
                    
l.41 \end{document}
                   
I can't figure out why you would want to use a tab mark
or \cr or \span just now. If something like a right brace
up above has ended a previous alignment prematurely,
you're probably due for more error messages, and you
might try typing `S' now just to see what is salvageable.

/home/gosha/latex/cv/ilyacv.tex:41: Missing \cr inserted.
<inserted text> 
                \cr 
l.41 \end{document}
                   
I'm guessing that you meant to end an alignment here.

/home/gosha/latex/cv/ilyacv.tex:41: Misplaced \cr.
<inserted text> \cr 
                    
l.41 \end{document}
                   
I can't figure out why you would want to use a tab mark
or \cr or \span just now. If something like a right brace
up above has ended a previous alignment prematurely,
you're probably due for more error messages, and you
might try typing `S' now just to see what is salvageable.

/home/gosha/latex/cv/ilyacv.tex:41: Missing \cr inserted.
<inserted text> 
                \cr 
l.41 \end{document}
                   
I'm guessing that you meant to end an alignment here.

/home/gosha/latex/cv/ilyacv.tex:41: Misplaced \cr.
<inserted text> \cr 
                    
l.41 \end{document}
                   
I can't figure out why you would want to use a tab mark
or \cr or \span just now. If something like a right brace
up above has ended a previous alignment prematurely,
you're probably due for more error messages, and you
might try typing `S' now just to see what is salvageable.

/home/gosha/latex/cv/ilyacv.tex:41: Missing \cr inserted.
<inserted text> 
                \cr 
l.41 \end{document}
                   
I'm guessing that you meant to end an alignment here.

/home/gosha/latex/cv/ilyacv.tex:41: Misplaced \cr.
<inserted text> \cr 
                    
l.41 \end{document}
                   
I can't figure out why you would want to use a tab mark
or \cr or \span just now. If something like a right brace
up above has ended a previous alignment prematurely,
you're probably due for more error messages, and you
might try typing `S' now just to see what is salvageable.

/home/gosha/latex/cv/ilyacv.tex:41: Missing \cr inserted.
<inserted text> 
                \cr 
l.41 \end{document}
                   
I'm guessing that you meant to end an alignment here.

/home/gosha/latex/cv/ilyacv.tex:41: Misplaced \cr.
<inserted text> \cr 
                    
l.41 \end{document}
                   
I can't figure out why you would want to use a tab mark
or \cr or \span just now. If something like a right brace
up above has ended a previous alignment prematurely,
you're probably due for more error messages, and you
might try typing `S' now just to see what is salvageable.

/home/gosha/latex/cv/ilyacv.tex:41: Missing \cr inserted.
<inserted text> 
                \cr 
l.41 \end{document}
                   
I'm guessing that you meant to end an alignment here.

/home/gosha/latex/cv/ilyacv.tex:41: Misplaced \cr.
<inserted text> \cr 
                    
l.41 \end{document}
                   
I can't figure out why you would want to use a tab mark
or \cr or \span just now. If something like a right brace
up above has ended a previous alignment prematurely,
you're probably due for more error messages, and you
might try typing `S' now just to see what is salvageable.

/home/gosha/latex/cv/ilyacv.tex:41: Missing \cr inserted.
<inserted text> 
                \cr 
l.41 \end{document}
                   
I'm guessing that you meant to end an alignment here.

/home/gosha/latex/cv/ilyacv.tex:41: Misplaced \cr.
<inserted text> \cr 
                    
l.41 \end{document}
                   
I can't figure out why you would want to use a tab mark
or \cr or \span just now. If something like a right brace
up above has ended a previous alignment prematurely,
you're probably due for more error messages, and you
might try typing `S' now just to see what is salvageable.

/home/gosha/latex/cv/ilyacv.tex:41: Missing \cr inserted.
<inserted text> 
                \cr 
l.41 \end{document}
                   
I'm guessing that you meant to end an alignment here.

/home/gosha/latex/cv/ilyacv.tex:41: Misplaced \cr.
<inserted text> \cr 
                    
l.41 \end{document}
                   
I can't figure out why you would want to use a tab mark
or \cr or \span just now. If something like a right brace
up above has ended a previous alignment prematurely,
you're probably due for more error messages, and you
might try typing `S' now just to see what is salvageable.

/home/gosha/latex/cv/ilyacv.tex:41: Missing \cr inserted.
<inserted text> 
                \cr 
l.41 \end{document}
                   
I'm guessing that you meant to end an alignment here.

/home/gosha/latex/cv/ilyacv.tex:41: Misplaced \cr.
<inserted text> \cr 
                    
l.41 \end{document}
                   
I can't figure out why you would want to use a tab mark
or \cr or \span just now. If something like a right brace
up above has ended a previous alignment prematurely,
you're probably due for more error messages, and you
might try typing `S' now just to see what is salvageable.

/home/gosha/latex/cv/ilyacv.tex:41: Missing \cr inserted.
<inserted text> 
                \cr 
l.41 \end{document}
                   
I'm guessing that you meant to end an alignment here.

/home/gosha/latex/cv/ilyacv.tex:41: Misplaced \cr.
<inserted text> \cr 
                    
l.41 \end{document}
                   
I can't figure out why you would want to use a tab mark
or \cr or \span just now. If something like a right brace
up above has ended a previous alignment prematurely,
you're probably due for more error messages, and you
might try typing `S' now just to see what is salvageable.

/home/gosha/latex/cv/ilyacv.tex:41: Missing \cr inserted.
<inserted text> 
                \cr 
l.41 \end{document}
                   
(That makes 100 errors; please try again.) 
Here is how much of TeX's memory you used:
 24530 strings out of 492639
 403999 string characters out of 6135498
 509208 words of memory out of 5000000
 28192 multiletter control sequences out of 15000+600000
 552646 words of font info for 55 fonts, out of 8000000 for 9000
 1141 hyphenation exceptions out of 8191
 48i,50n,65p,821b,810s stack positions out of 5000i,500n,10000p,200000b,80000s

/home/gosha/latex/cv/ilyacv.tex:41:  ==> Fatal error occurred, no output PDF file produced!
